2017-07-11 09:30:34 [main] INFO  o.s.c.c.c.ConfigServicePropertySourceLocator - Fetching config from server at: http://localhost:8888
2017-07-11 09:30:35 [main] WARN  o.s.c.c.c.ConfigServicePropertySourceLocator - Could not locate PropertySource: I/O error on GET request for "http://localhost:8888/digital-banking-vccb-service-param/default": Connection refused: connect; nested exception is java.net.ConnectException: Connection refused: connect
2017-07-11 09:30:35 [main] INFO  o.s.b.c.e.AnnotationConfigEmbeddedWebApplicationContext - Refreshing org.springframework.boot.context.embedded.AnnotationConfigEmbeddedWebApplicationContext@2f4854d6: startup date [Tue Jul 11 09:30:35 ICT 2017]; parent: org.springframework.context.annotation.AnnotationConfigApplicationContext@5dafbe45
2017-07-11 09:30:43 [main] INFO  o.s.b.f.config.PropertiesFactoryBean - Loading properties file from URL [jar:file:/C:/Users/T450/.m2/repository/org/springframework/integration/spring-integration-core/4.3.1.RELEASE/spring-integration-core-4.3.1.RELEASE.jar!/META-INF/spring.integration.default.properties]
2017-07-11 09:30:43 [main] INFO  o.s.i.config.IntegrationRegistrar - No bean named 'integrationHeaderChannelRegistry' has been explicitly defined. Therefore, a default DefaultHeaderChannelRegistry will be created.
2017-07-11 09:30:44 [main] WARN  o.s.c.a.ConfigurationClassPostProcessor - Cannot enhance @Configuration bean definition 'refreshScope' since its singleton instance has been created too early. The typical cause is a non-static @Bean method with a BeanDefinitionRegistryPostProcessor return type: Consider declaring such methods as 'static'.
2017-07-11 09:30:44 [main] INFO  o.s.cloud.context.scope.GenericScope - BeanFactory id=61ff6d96-6a76-3929-aa34-217bb2466249
2017-07-11 09:30:44 [main] INFO  o.s.i.c.DefaultConfiguringBeanFactoryPostProcessor - No bean named 'errorChannel' has been explicitly defined. Therefore, a default PublishSubscribeChannel will be created.
2017-07-11 09:30:44 [main] INFO  o.s.i.c.DefaultConfiguringBeanFactoryPostProcessor - No bean named 'taskScheduler' has been explicitly defined. Therefore, a default ThreadPoolTaskScheduler will be created.
2017-07-11 09:30:44 [main] INFO  o.s.b.f.a.AutowiredAnnotationBeanPostProcessor - JSR-330 'javax.inject.Inject' annotation found and supported for autowiring
2017-07-11 09:30:44 [main] INFO  o.s.c.s.PostProcessorRegistrationDelegate$BeanPostProcessorChecker - Bean 'org.springframework.amqp.rabbit.annotation.RabbitBootstrapConfiguration' of type [class org.springframework.amqp.rabbit.annotation.RabbitBootstrapConfiguration$$EnhancerBySpringCGLIB$$f62e4800] is not eligible for getting processed by all BeanPostProcessors (for example: not eligible for auto-proxying)
2017-07-11 09:30:45 [main] INFO  o.s.c.s.PostProcessorRegistrationDelegate$BeanPostProcessorChecker - Bean 'org.springframework.transaction.annotation.ProxyTransactionManagementConfiguration' of type [class org.springframework.transaction.annotation.ProxyTransactionManagementConfiguration$$EnhancerBySpringCGLIB$$2fc289d2] is not eligible for getting processed by all BeanPostProcessors (for example: not eligible for auto-proxying)
2017-07-11 09:30:45 [main] INFO  o.s.c.s.PostProcessorRegistrationDelegate$BeanPostProcessorChecker - Bean 'axonConfiguration' of type [class vn.fpt.dbp.vccb.service.param.configuration.AxonConfiguration$$EnhancerBySpringCGLIB$$c7de3e59] is not eligible for getting processed by all BeanPostProcessors (for example: not eligible for auto-proxying)
2017-07-11 09:30:45 [main] INFO  o.s.c.s.PostProcessorRegistrationDelegate$BeanPostProcessorChecker - Bean 'simpleCluster' of type [class org.axonframework.eventhandling.SimpleCluster] is not eligible for getting processed by all BeanPostProcessors (for example: not eligible for auto-proxying)
2017-07-11 09:30:45 [main] INFO  o.s.c.s.PostProcessorRegistrationDelegate$BeanPostProcessorChecker - Bean 'connectionFactory' of type [class org.springframework.amqp.rabbit.connection.CachingConnectionFactory] is not eligible for getting processed by all BeanPostProcessors (for example: not eligible for auto-proxying)
2017-07-11 09:30:45 [main] INFO  o.s.c.s.PostProcessorRegistrationDelegate$BeanPostProcessorChecker - Bean 'xstreamSerializer' of type [class org.axonframework.serializer.xml.XStreamSerializer] is not eligible for getting processed by all BeanPostProcessors (for example: not eligible for auto-proxying)
2017-07-11 09:30:45 [main] INFO  o.s.c.s.PostProcessorRegistrationDelegate$BeanPostProcessorChecker - Bean 'listenerContainerLifecycleManager' of type [class org.axonframework.eventhandling.amqp.spring.ListenerContainerLifecycleManager] is not eligible for getting processed by all BeanPostProcessors (for example: not eligible for auto-proxying)
2017-07-11 09:30:45 [main] INFO  o.s.c.s.PostProcessorRegistrationDelegate$BeanPostProcessorChecker - Bean 'terminal' of type [class org.axonframework.eventhandling.amqp.spring.SpringAMQPTerminal] is not eligible for getting processed by all BeanPostProcessors (for example: not eligible for auto-proxying)
2017-07-11 09:30:45 [main] INFO  o.s.c.s.PostProcessorRegistrationDelegate$BeanPostProcessorChecker - Bean 'eventBus' of type [class org.axonframework.eventhandling.ClusteringEventBus] is not eligible for getting processed by all BeanPostProcessors (for example: not eligible for auto-proxying)
2017-07-11 09:30:45 [main] INFO  o.s.c.s.PostProcessorRegistrationDelegate$BeanPostProcessorChecker - Bean 'commandBus' of type [class org.axonframework.commandhandling.SimpleCommandBus] is not eligible for getting processed by all BeanPostProcessors (for example: not eligible for auto-proxying)
2017-07-11 09:30:45 [main] INFO  o.s.b.f.config.PropertiesFactoryBean - Loading properties file from URL [jar:file:/C:/Users/T450/.m2/repository/org/springframework/integration/spring-integration-core/4.3.1.RELEASE/spring-integration-core-4.3.1.RELEASE.jar!/META-INF/spring.integration.default.properties]
2017-07-11 09:30:45 [main] INFO  o.s.c.s.PostProcessorRegistrationDelegate$BeanPostProcessorChecker - Bean 'integrationGlobalProperties' of type [class org.springframework.beans.factory.config.PropertiesFactoryBean] is not eligible for getting processed by all BeanPostProcessors (for example: not eligible for auto-proxying)
2017-07-11 09:30:45 [main] INFO  o.s.c.s.PostProcessorRegistrationDelegate$BeanPostProcessorChecker - Bean 'integrationGlobalProperties' of type [class java.util.Properties] is not eligible for getting processed by all BeanPostProcessors (for example: not eligible for auto-proxying)
2017-07-11 09:30:46 [main] INFO  o.s.c.s.PostProcessorRegistrationDelegate$BeanPostProcessorChecker - Bean 'org.springframework.cloud.autoconfigure.ConfigurationPropertiesRebinderAutoConfiguration' of type [class org.springframework.cloud.autoconfigure.ConfigurationPropertiesRebinderAutoConfiguration$$EnhancerBySpringCGLIB$$4bdc8ccf] is not eligible for getting processed by all BeanPostProcessors (for example: not eligible for auto-proxying)
2017-07-11 09:30:48 [main] INFO  o.s.b.c.e.t.TomcatEmbeddedServletContainer - Tomcat initialized with port(s): 8080 (http)
2017-07-11 09:30:48 [localhost-startStop-1] INFO  o.s.web.context.ContextLoader - Root WebApplicationContext: initialization completed in 12650 ms
2017-07-11 09:30:48 [localhost-startStop-1] INFO  o.s.b.w.s.FilterRegistrationBean - Mapping filter: 'metricFilter' to: [/*]
2017-07-11 09:30:48 [localhost-startStop-1] INFO  o.s.b.w.s.FilterRegistrationBean - Mapping filter: 'characterEncodingFilter' to: [/*]
2017-07-11 09:30:49 [localhost-startStop-1] INFO  o.s.b.w.s.FilterRegistrationBean - Mapping filter: 'hiddenHttpMethodFilter' to: [/*]
2017-07-11 09:30:49 [localhost-startStop-1] INFO  o.s.b.w.s.FilterRegistrationBean - Mapping filter: 'httpPutFormContentFilter' to: [/*]
2017-07-11 09:30:49 [localhost-startStop-1] INFO  o.s.b.w.s.FilterRegistrationBean - Mapping filter: 'requestContextFilter' to: [/*]
2017-07-11 09:30:49 [localhost-startStop-1] INFO  o.s.b.w.s.DelegatingFilterProxyRegistrationBean - Mapping filter: 'springSecurityFilterChain' to: [/*]
2017-07-11 09:30:49 [localhost-startStop-1] INFO  o.s.b.w.s.FilterRegistrationBean - Mapping filter: 'webRequestLoggingFilter' to: [/*]
2017-07-11 09:30:49 [localhost-startStop-1] INFO  o.s.b.w.s.FilterRegistrationBean - Mapping filter: 'applicationContextIdFilter' to: [/*]
2017-07-11 09:30:49 [localhost-startStop-1] INFO  o.s.b.w.s.ServletRegistrationBean - Mapping servlet: 'dispatcherServlet' to [/]
2017-07-11 09:30:49 [main] INFO  o.s.o.j.LocalContainerEntityManagerFactoryBean - Building JPA container EntityManagerFactory for persistence unit 'default'
2017-07-11 09:33:13 [main] ERROR o.h.e.jdbc.spi.SqlExceptionHelper - ORA-01000: maximum open cursors exceeded

2017-07-11 09:33:13 [main] WARN  o.s.b.c.e.AnnotationConfigEmbeddedWebApplicationContext - Exception encountered during context initialization - cancelling refresh attempt: org.springframework.beans.factory.BeanCreationException: Error creating bean with name 'entityManagerFactory' defined in class path resource [org/springframework/boot/autoconfigure/orm/jpa/HibernateJpaAutoConfiguration.class]: Invocation of init method failed; nested exception is javax.persistence.PersistenceException: [PersistenceUnit: default] Unable to build Hibernate SessionFactory
2017-07-11 09:33:13 [main] ERROR o.s.boot.SpringApplication - Error handling failed
org.springframework.beans.factory.BeanCreationException: Error creating bean with name 'delegatingApplicationListener' defined in class path resource [org/springframework/security/config/annotation/web/configuration/WebSecurityConfiguration.class]: BeanPostProcessor before instantiation of bean failed; nested exception is org.springframework.beans.factory.BeanCreationException: Error creating bean with name 'org.springframework.transaction.config.internalTransactionAdvisor' defined in class path resource [org/springframework/transaction/annotation/ProxyTransactionManagementConfiguration.class]: Bean instantiation via factory method failed; nested exception is org.springframework.beans.BeanInstantiationException: Failed to instantiate [org.springframework.transaction.interceptor.BeanFactoryTransactionAttributeSourceAdvisor]: Factory method 'transactionAdvisor' threw exception; nested exception is java.lang.NullPointerException
	at org.springframework.beans.factory.support.AbstractAutowireCapableBeanFactory.createBean(AbstractAutowireCapableBeanFactory.java:478)
	at org.springframework.beans.factory.support.AbstractBeanFactory$1.getObject(AbstractBeanFactory.java:306)
	at org.springframework.beans.factory.support.DefaultSingletonBeanRegistry.getSingleton(DefaultSingletonBeanRegistry.java:230)
	at org.springframework.beans.factory.support.AbstractBeanFactory.doGetBean(AbstractBeanFactory.java:302)
	at org.springframework.beans.factory.support.AbstractBeanFactory.getBean(AbstractBeanFactory.java:202)
	at org.springframework.context.event.AbstractApplicationEventMulticaster.retrieveApplicationListeners(AbstractApplicationEventMulticaster.java:228)
	at org.springframework.context.event.AbstractApplicationEventMulticaster.getApplicationListeners(AbstractApplicationEventMulticaster.java:185)
	at org.springframework.context.event.SimpleApplicationEventMulticaster.multicastEvent(SimpleApplicationEventMulticaster.java:127)
	at org.springframework.context.support.AbstractApplicationContext.publishEvent(AbstractApplicationContext.java:382)
	at org.springframework.context.support.AbstractApplicationContext.publishEvent(AbstractApplicationContext.java:336)
	at org.springframework.boot.context.event.EventPublishingRunListener.finished(EventPublishingRunListener.java:93)
	at org.springframework.boot.SpringApplicationRunListeners.callFinishedListener(SpringApplicationRunListeners.java:79)
	at org.springframework.boot.SpringApplicationRunListeners.finished(SpringApplicationRunListeners.java:72)
	at org.springframework.boot.SpringApplication.handleRunFailure(SpringApplication.java:810)
	at org.springframework.boot.SpringApplication.run(SpringApplication.java:324)
	at org.springframework.boot.SpringApplication.run(SpringApplication.java:1185)
	at org.springframework.boot.SpringApplication.run(SpringApplication.java:1174)
	at vn.fpt.dbp.vccb.service.param.Application.main(Application.java:65)
Caused by: org.springframework.beans.factory.BeanCreationException: Error creating bean with name 'org.springframework.transaction.config.internalTransactionAdvisor' defined in class path resource [org/springframework/transaction/annotation/ProxyTransactionManagementConfiguration.class]: Bean instantiation via factory method failed; nested exception is org.springframework.beans.BeanInstantiationException: Failed to instantiate [org.springframework.transaction.interceptor.BeanFactoryTransactionAttributeSourceAdvisor]: Factory method 'transactionAdvisor' threw exception; nested exception is java.lang.NullPointerException
	at org.springframework.beans.factory.support.ConstructorResolver.instantiateUsingFactoryMethod(ConstructorResolver.java:599)
	at org.springframework.beans.factory.support.AbstractAutowireCapableBeanFactory.instantiateUsingFactoryMethod(AbstractAutowireCapableBeanFactory.java:1123)
	at org.springframework.beans.factory.support.AbstractAutowireCapableBeanFactory.createBeanInstance(AbstractAutowireCapableBeanFactory.java:1018)
	at org.springframework.beans.factory.support.AbstractAutowireCapableBeanFactory.doCreateBean(AbstractAutowireCapableBeanFactory.java:510)
	at org.springframework.beans.factory.support.AbstractAutowireCapableBeanFactory.createBean(AbstractAutowireCapableBeanFactory.java:482)
	at org.springframework.beans.factory.support.AbstractBeanFactory$1.getObject(AbstractBeanFactory.java:306)
	at org.springframework.beans.factory.support.DefaultSingletonBeanRegistry.getSingleton(DefaultSingletonBeanRegistry.java:230)
	at org.springframework.beans.factory.support.AbstractBeanFactory.doGetBean(AbstractBeanFactory.java:302)
	at org.springframework.beans.factory.support.AbstractBeanFactory.getBean(AbstractBeanFactory.java:202)
	at org.springframework.aop.framework.autoproxy.BeanFactoryAdvisorRetrievalHelper.findAdvisorBeans(BeanFactoryAdvisorRetrievalHelper.java:92)
	at org.springframework.aop.framework.autoproxy.AbstractAdvisorAutoProxyCreator.findCandidateAdvisors(AbstractAdvisorAutoProxyCreator.java:101)
	at org.springframework.aop.aspectj.annotation.AnnotationAwareAspectJAutoProxyCreator.findCandidateAdvisors(AnnotationAwareAspectJAutoProxyCreator.java:85)
	at org.springframework.aop.aspectj.autoproxy.AspectJAwareAdvisorAutoProxyCreator.shouldSkip(AspectJAwareAdvisorAutoProxyCreator.java:103)
	at org.springframework.aop.framework.autoproxy.AbstractAutoProxyCreator.postProcessBeforeInstantiation(AbstractAutoProxyCreator.java:249)
	at org.springframework.beans.factory.support.AbstractAutowireCapableBeanFactory.applyBeanPostProcessorsBeforeInstantiation(AbstractAutowireCapableBeanFactory.java:988)
	at org.springframework.beans.factory.support.AbstractAutowireCapableBeanFactory.resolveBeforeInstantiation(AbstractAutowireCapableBeanFactory.java:959)
	at org.springframework.beans.factory.support.AbstractAutowireCapableBeanFactory.createBean(AbstractAutowireCapableBeanFactory.java:472)
	... 17 common frames omitted
Caused by: org.springframework.beans.BeanInstantiationException: Failed to instantiate [org.springframework.transaction.interceptor.BeanFactoryTransactionAttributeSourceAdvisor]: Factory method 'transactionAdvisor' threw exception; nested exception is java.lang.NullPointerException
	at org.springframework.beans.factory.support.SimpleInstantiationStrategy.instantiate(SimpleInstantiationStrategy.java:189)
	at org.springframework.beans.factory.support.ConstructorResolver.instantiateUsingFactoryMethod(ConstructorResolver.java:588)
	... 33 common frames omitted
Caused by: java.lang.NullPointerException: null
	at org.springframework.transaction.annotation.ProxyTransactionManagementConfiguration.transactionAdvisor(ProxyTransactionManagementConfiguration.java:46)
	at org.springframework.transaction.annotation.ProxyTransactionManagementConfiguration$$EnhancerBySpringCGLIB$$2fc289d2.CGLIB$transactionAdvisor$0(<generated>)
	at org.springframework.transaction.annotation.ProxyTransactionManagementConfiguration$$EnhancerBySpringCGLIB$$2fc289d2$$FastClassBySpringCGLIB$$2ad97e90.invoke(<generated>)
	at org.springframework.cglib.proxy.MethodProxy.invokeSuper(MethodProxy.java:228)
	at org.springframework.context.annotation.ConfigurationClassEnhancer$BeanMethodInterceptor.intercept(ConfigurationClassEnhancer.java:356)
	at org.springframework.transaction.annotation.ProxyTransactionManagementConfiguration$$EnhancerBySpringCGLIB$$2fc289d2.transactionAdvisor(<generated>)
	at sun.reflect.NativeMethodAccessorImpl.invoke0(Native Method)
	at sun.reflect.NativeMethodAccessorImpl.invoke(NativeMethodAccessorImpl.java:62)
	at sun.reflect.DelegatingMethodAccessorImpl.invoke(DelegatingMethodAccessorImpl.java:43)
	at java.lang.reflect.Method.invoke(Method.java:498)
	at org.springframework.beans.factory.support.SimpleInstantiationStrategy.instantiate(SimpleInstantiationStrategy.java:162)
	... 34 common frames omitted
2017-07-11 09:33:13 [main] ERROR o.s.boot.SpringApplication - Application startup failed
org.springframework.beans.factory.BeanCreationException: Error creating bean with name 'entityManagerFactory' defined in class path resource [org/springframework/boot/autoconfigure/orm/jpa/HibernateJpaAutoConfiguration.class]: Invocation of init method failed; nested exception is javax.persistence.PersistenceException: [PersistenceUnit: default] Unable to build Hibernate SessionFactory
	at org.springframework.beans.factory.support.AbstractAutowireCapableBeanFactory.initializeBean(AbstractAutowireCapableBeanFactory.java:1578)
	at org.springframework.beans.factory.support.AbstractAutowireCapableBeanFactory.doCreateBean(AbstractAutowireCapableBeanFactory.java:545)
	at org.springframework.beans.factory.support.AbstractAutowireCapableBeanFactory.createBean(AbstractAutowireCapableBeanFactory.java:482)
	at org.springframework.beans.factory.support.AbstractBeanFactory$1.getObject(AbstractBeanFactory.java:306)
	at org.springframework.beans.factory.support.DefaultSingletonBeanRegistry.getSingleton(DefaultSingletonBeanRegistry.java:230)
	at org.springframework.beans.factory.support.AbstractBeanFactory.doGetBean(AbstractBeanFactory.java:302)
	at org.springframework.beans.factory.support.AbstractBeanFactory.getBean(AbstractBeanFactory.java:197)
	at org.springframework.context.support.AbstractApplicationContext.getBean(AbstractApplicationContext.java:1076)
	at org.springframework.context.support.AbstractApplicationContext.finishBeanFactoryInitialization(AbstractApplicationContext.java:851)
	at org.springframework.context.support.AbstractApplicationContext.refresh(AbstractApplicationContext.java:541)
	at org.springframework.boot.context.embedded.EmbeddedWebApplicationContext.refresh(EmbeddedWebApplicationContext.java:122)
	at org.springframework.boot.SpringApplication.refresh(SpringApplication.java:759)
	at org.springframework.boot.SpringApplication.refreshContext(SpringApplication.java:369)
	at org.springframework.boot.SpringApplication.run(SpringApplication.java:313)
	at org.springframework.boot.SpringApplication.run(SpringApplication.java:1185)
	at org.springframework.boot.SpringApplication.run(SpringApplication.java:1174)
	at vn.fpt.dbp.vccb.service.param.Application.main(Application.java:65)
Caused by: javax.persistence.PersistenceException: [PersistenceUnit: default] Unable to build Hibernate SessionFactory
	at org.hibernate.jpa.boot.internal.EntityManagerFactoryBuilderImpl.persistenceException(EntityManagerFactoryBuilderImpl.java:954)
	at org.hibernate.jpa.boot.internal.EntityManagerFactoryBuilderImpl.build(EntityManagerFactoryBuilderImpl.java:882)
	at org.springframework.orm.jpa.vendor.SpringHibernateJpaPersistenceProvider.createContainerEntityManagerFactory(SpringHibernateJpaPersistenceProvider.java:60)
	at org.springframework.orm.jpa.LocalContainerEntityManagerFactoryBean.createNativeEntityManagerFactory(LocalContainerEntityManagerFactoryBean.java:338)
	at org.springframework.orm.jpa.AbstractEntityManagerFactoryBean.buildNativeEntityManagerFactory(AbstractEntityManagerFactoryBean.java:373)
	at org.springframework.orm.jpa.AbstractEntityManagerFactoryBean.afterPropertiesSet(AbstractEntityManagerFactoryBean.java:362)
	at org.springframework.beans.factory.support.AbstractAutowireCapableBeanFactory.invokeInitMethods(AbstractAutowireCapableBeanFactory.java:1637)
	at org.springframework.beans.factory.support.AbstractAutowireCapableBeanFactory.initializeBean(AbstractAutowireCapableBeanFactory.java:1574)
	... 16 common frames omitted
Caused by: org.hibernate.exception.GenericJDBCException: Error accessing table metadata
	at org.hibernate.exception.internal.StandardSQLExceptionConverter.convert(StandardSQLExceptionConverter.java:47)
	at org.hibernate.engine.jdbc.spi.SqlExceptionHelper.convert(SqlExceptionHelper.java:109)
	at org.hibernate.engine.jdbc.spi.SqlExceptionHelper.convert(SqlExceptionHelper.java:95)
	at org.hibernate.tool.schema.extract.internal.InformationExtractorJdbcDatabaseMetaDataImpl.convertSQLException(InformationExtractorJdbcDatabaseMetaDataImpl.java:99)
	at org.hibernate.tool.schema.extract.internal.InformationExtractorJdbcDatabaseMetaDataImpl.locateTableInNamespace(InformationExtractorJdbcDatabaseMetaDataImpl.java:354)
	at org.hibernate.tool.schema.extract.internal.InformationExtractorJdbcDatabaseMetaDataImpl.getTable(InformationExtractorJdbcDatabaseMetaDataImpl.java:228)
	at org.hibernate.tool.schema.extract.internal.DatabaseInformationImpl.getTableInformation(DatabaseInformationImpl.java:105)
	at org.hibernate.tool.schema.extract.internal.DatabaseInformationImpl.locateTableInformation(DatabaseInformationImpl.java:143)
	at org.hibernate.tool.schema.extract.internal.InformationExtractorJdbcDatabaseMetaDataImpl.getForeignKeys(InformationExtractorJdbcDatabaseMetaDataImpl.java:651)
	at org.hibernate.tool.schema.extract.internal.TableInformationImpl.foreignKeys(TableInformationImpl.java:88)
	at org.hibernate.tool.schema.extract.internal.TableInformationImpl.getForeignKey(TableInformationImpl.java:99)
	at org.hibernate.tool.schema.internal.SchemaMigratorImpl.findMatchingForeignKey(SchemaMigratorImpl.java:398)
	at org.hibernate.tool.schema.internal.SchemaMigratorImpl.applyForeignKeys(SchemaMigratorImpl.java:376)
	at org.hibernate.tool.schema.internal.SchemaMigratorImpl.doMigrationToTargets(SchemaMigratorImpl.java:214)
	at org.hibernate.tool.schema.internal.SchemaMigratorImpl.doMigration(SchemaMigratorImpl.java:60)
	at org.hibernate.tool.hbm2ddl.SchemaUpdate.execute(SchemaUpdate.java:134)
	at org.hibernate.tool.hbm2ddl.SchemaUpdate.execute(SchemaUpdate.java:101)
	at org.hibernate.internal.SessionFactoryImpl.<init>(SessionFactoryImpl.java:470)
	at org.hibernate.boot.internal.SessionFactoryBuilderImpl.build(SessionFactoryBuilderImpl.java:444)
	at org.hibernate.jpa.boot.internal.EntityManagerFactoryBuilderImpl.build(EntityManagerFactoryBuilderImpl.java:879)
	... 22 common frames omitted
Caused by: java.sql.SQLException: ORA-01000: maximum open cursors exceeded

	at oracle.jdbc.driver.T4CTTIoer.processError(T4CTTIoer.java:450)
	at oracle.jdbc.driver.T4CTTIoer.processError(T4CTTIoer.java:399)
	at oracle.jdbc.driver.T4C8Oall.processError(T4C8Oall.java:1059)
	at oracle.jdbc.driver.T4CTTIfun.receive(T4CTTIfun.java:522)
	at oracle.jdbc.driver.T4CTTIfun.doRPC(T4CTTIfun.java:257)
	at oracle.jdbc.driver.T4C8Oall.doOALL(T4C8Oall.java:587)
	at oracle.jdbc.driver.T4CPreparedStatement.doOall8(T4CPreparedStatement.java:225)
	at oracle.jdbc.driver.T4CPreparedStatement.doOall8(T4CPreparedStatement.java:53)
	at oracle.jdbc.driver.T4CPreparedStatement.executeForDescribe(T4CPreparedStatement.java:774)
	at oracle.jdbc.driver.OracleStatement.executeMaybeDescribe(OracleStatement.java:925)
	at oracle.jdbc.driver.OracleStatement.doExecuteWithTimeout(OracleStatement.java:1111)
	at oracle.jdbc.driver.OraclePreparedStatement.executeInternal(OraclePreparedStatement.java:4798)
	at oracle.jdbc.driver.OraclePreparedStatement.executeQuery(OraclePreparedStatement.java:4845)
	at oracle.jdbc.driver.OraclePreparedStatementWrapper.executeQuery(OraclePreparedStatementWrapper.java:1501)
	at oracle.jdbc.OracleDatabaseMetaData.getTables(OracleDatabaseMetaData.java:3723)
	at org.hibernate.tool.schema.extract.internal.InformationExtractorJdbcDatabaseMetaDataImpl.locateTableInNamespace(InformationExtractorJdbcDatabaseMetaDataImpl.java:339)
	... 37 common frames omitted
2017-07-11 09:39:13 [main] INFO  o.s.c.c.c.ConfigServicePropertySourceLocator - Fetching config from server at: http://localhost:8888
2017-07-11 09:39:15 [main] WARN  o.s.c.c.c.ConfigServicePropertySourceLocator - Could not locate PropertySource: I/O error on GET request for "http://localhost:8888/digital-banking-vccb-service-param/default": Connection refused: connect; nested exception is java.net.ConnectException: Connection refused: connect
2017-07-11 09:39:15 [main] INFO  o.s.b.c.e.AnnotationConfigEmbeddedWebApplicationContext - Refreshing org.springframework.boot.context.embedded.AnnotationConfigEmbeddedWebApplicationContext@7a56812e: startup date [Tue Jul 11 09:39:15 ICT 2017]; parent: org.springframework.context.annotation.AnnotationConfigApplicationContext@5dafbe45
2017-07-11 09:39:21 [main] INFO  o.s.b.f.config.PropertiesFactoryBean - Loading properties file from URL [jar:file:/C:/Users/T450/.m2/repository/org/springframework/integration/spring-integration-core/4.3.1.RELEASE/spring-integration-core-4.3.1.RELEASE.jar!/META-INF/spring.integration.default.properties]
2017-07-11 09:39:21 [main] INFO  o.s.i.config.IntegrationRegistrar - No bean named 'integrationHeaderChannelRegistry' has been explicitly defined. Therefore, a default DefaultHeaderChannelRegistry will be created.
2017-07-11 09:39:21 [main] WARN  o.s.c.a.ConfigurationClassPostProcessor - Cannot enhance @Configuration bean definition 'refreshScope' since its singleton instance has been created too early. The typical cause is a non-static @Bean method with a BeanDefinitionRegistryPostProcessor return type: Consider declaring such methods as 'static'.
2017-07-11 09:39:21 [main] INFO  o.s.cloud.context.scope.GenericScope - BeanFactory id=61ff6d96-6a76-3929-aa34-217bb2466249
2017-07-11 09:39:21 [main] INFO  o.s.i.c.DefaultConfiguringBeanFactoryPostProcessor - No bean named 'errorChannel' has been explicitly defined. Therefore, a default PublishSubscribeChannel will be created.
2017-07-11 09:39:21 [main] INFO  o.s.i.c.DefaultConfiguringBeanFactoryPostProcessor - No bean named 'taskScheduler' has been explicitly defined. Therefore, a default ThreadPoolTaskScheduler will be created.
2017-07-11 09:39:21 [main] INFO  o.s.b.f.a.AutowiredAnnotationBeanPostProcessor - JSR-330 'javax.inject.Inject' annotation found and supported for autowiring
2017-07-11 09:39:22 [main] INFO  o.s.c.s.PostProcessorRegistrationDelegate$BeanPostProcessorChecker - Bean 'org.springframework.amqp.rabbit.annotation.RabbitBootstrapConfiguration' of type [class org.springframework.amqp.rabbit.annotation.RabbitBootstrapConfiguration$$EnhancerBySpringCGLIB$$109e9c63] is not eligible for getting processed by all BeanPostProcessors (for example: not eligible for auto-proxying)
2017-07-11 09:39:22 [main] INFO  o.s.c.s.PostProcessorRegistrationDelegate$BeanPostProcessorChecker - Bean 'org.springframework.transaction.annotation.ProxyTransactionManagementConfiguration' of type [class org.springframework.transaction.annotation.ProxyTransactionManagementConfiguration$$EnhancerBySpringCGLIB$$4a32de35] is not eligible for getting processed by all BeanPostProcessors (for example: not eligible for auto-proxying)
2017-07-11 09:39:22 [main] INFO  o.s.c.s.PostProcessorRegistrationDelegate$BeanPostProcessorChecker - Bean 'axonConfiguration' of type [class vn.fpt.dbp.vccb.service.param.configuration.AxonConfiguration$$EnhancerBySpringCGLIB$$e24e92bc] is not eligible for getting processed by all BeanPostProcessors (for example: not eligible for auto-proxying)
2017-07-11 09:39:22 [main] INFO  o.s.c.s.PostProcessorRegistrationDelegate$BeanPostProcessorChecker - Bean 'simpleCluster' of type [class org.axonframework.eventhandling.SimpleCluster] is not eligible for getting processed by all BeanPostProcessors (for example: not eligible for auto-proxying)
2017-07-11 09:39:22 [main] INFO  o.s.c.s.PostProcessorRegistrationDelegate$BeanPostProcessorChecker - Bean 'connectionFactory' of type [class org.springframework.amqp.rabbit.connection.CachingConnectionFactory] is not eligible for getting processed by all BeanPostProcessors (for example: not eligible for auto-proxying)
2017-07-11 09:39:22 [main] INFO  o.s.c.s.PostProcessorRegistrationDelegate$BeanPostProcessorChecker - Bean 'xstreamSerializer' of type [class org.axonframework.serializer.xml.XStreamSerializer] is not eligible for getting processed by all BeanPostProcessors (for example: not eligible for auto-proxying)
2017-07-11 09:39:22 [main] INFO  o.s.c.s.PostProcessorRegistrationDelegate$BeanPostProcessorChecker - Bean 'listenerContainerLifecycleManager' of type [class org.axonframework.eventhandling.amqp.spring.ListenerContainerLifecycleManager] is not eligible for getting processed by all BeanPostProcessors (for example: not eligible for auto-proxying)
2017-07-11 09:39:22 [main] INFO  o.s.c.s.PostProcessorRegistrationDelegate$BeanPostProcessorChecker - Bean 'terminal' of type [class org.axonframework.eventhandling.amqp.spring.SpringAMQPTerminal] is not eligible for getting processed by all BeanPostProcessors (for example: not eligible for auto-proxying)
2017-07-11 09:39:22 [main] INFO  o.s.c.s.PostProcessorRegistrationDelegate$BeanPostProcessorChecker - Bean 'eventBus' of type [class org.axonframework.eventhandling.ClusteringEventBus] is not eligible for getting processed by all BeanPostProcessors (for example: not eligible for auto-proxying)
2017-07-11 09:39:22 [main] INFO  o.s.c.s.PostProcessorRegistrationDelegate$BeanPostProcessorChecker - Bean 'commandBus' of type [class org.axonframework.commandhandling.SimpleCommandBus] is not eligible for getting processed by all BeanPostProcessors (for example: not eligible for auto-proxying)
2017-07-11 09:39:22 [main] INFO  o.s.b.f.config.PropertiesFactoryBean - Loading properties file from URL [jar:file:/C:/Users/T450/.m2/repository/org/springframework/integration/spring-integration-core/4.3.1.RELEASE/spring-integration-core-4.3.1.RELEASE.jar!/META-INF/spring.integration.default.properties]
2017-07-11 09:39:22 [main] INFO  o.s.c.s.PostProcessorRegistrationDelegate$BeanPostProcessorChecker - Bean 'integrationGlobalProperties' of type [class org.springframework.beans.factory.config.PropertiesFactoryBean] is not eligible for getting processed by all BeanPostProcessors (for example: not eligible for auto-proxying)
2017-07-11 09:39:22 [main] INFO  o.s.c.s.PostProcessorRegistrationDelegate$BeanPostProcessorChecker - Bean 'integrationGlobalProperties' of type [class java.util.Properties] is not eligible for getting processed by all BeanPostProcessors (for example: not eligible for auto-proxying)
2017-07-11 09:39:22 [main] INFO  o.s.c.s.PostProcessorRegistrationDelegate$BeanPostProcessorChecker - Bean 'org.springframework.cloud.autoconfigure.ConfigurationPropertiesRebinderAutoConfiguration' of type [class org.springframework.cloud.autoconfigure.ConfigurationPropertiesRebinderAutoConfiguration$$EnhancerBySpringCGLIB$$664ce132] is not eligible for getting processed by all BeanPostProcessors (for example: not eligible for auto-proxying)
2017-07-11 09:39:24 [main] INFO  o.s.b.c.e.t.TomcatEmbeddedServletContainer - Tomcat initialized with port(s): 8080 (http)
2017-07-11 09:39:25 [localhost-startStop-1] INFO  o.s.web.context.ContextLoader - Root WebApplicationContext: initialization completed in 10054 ms
2017-07-11 09:39:25 [localhost-startStop-1] INFO  o.s.b.w.s.FilterRegistrationBean - Mapping filter: 'metricFilter' to: [/*]
2017-07-11 09:39:25 [localhost-startStop-1] INFO  o.s.b.w.s.FilterRegistrationBean - Mapping filter: 'characterEncodingFilter' to: [/*]
2017-07-11 09:39:25 [localhost-startStop-1] INFO  o.s.b.w.s.FilterRegistrationBean - Mapping filter: 'hiddenHttpMethodFilter' to: [/*]
2017-07-11 09:39:25 [localhost-startStop-1] INFO  o.s.b.w.s.FilterRegistrationBean - Mapping filter: 'httpPutFormContentFilter' to: [/*]
2017-07-11 09:39:25 [localhost-startStop-1] INFO  o.s.b.w.s.FilterRegistrationBean - Mapping filter: 'requestContextFilter' to: [/*]
2017-07-11 09:39:25 [localhost-startStop-1] INFO  o.s.b.w.s.DelegatingFilterProxyRegistrationBean - Mapping filter: 'springSecurityFilterChain' to: [/*]
2017-07-11 09:39:25 [localhost-startStop-1] INFO  o.s.b.w.s.FilterRegistrationBean - Mapping filter: 'webRequestLoggingFilter' to: [/*]
2017-07-11 09:39:25 [localhost-startStop-1] INFO  o.s.b.w.s.FilterRegistrationBean - Mapping filter: 'applicationContextIdFilter' to: [/*]
2017-07-11 09:39:25 [localhost-startStop-1] INFO  o.s.b.w.s.ServletRegistrationBean - Mapping servlet: 'dispatcherServlet' to [/]
2017-07-11 09:39:26 [main] INFO  o.s.o.j.LocalContainerEntityManagerFactoryBean - Building JPA container EntityManagerFactory for persistence unit 'default'
2017-07-11 09:39:36 [main] INFO  o.s.o.j.LocalContainerEntityManagerFactoryBean - Initialized JPA EntityManagerFactory for persistence unit 'default'
2017-07-11 09:39:39 [main] INFO  o.s.w.s.v.v.VelocityConfigurer - ClasspathResourceLoader with name 'springMacro' added to configured VelocityEngine
2017-07-11 09:39:41 [main] INFO  o.s.s.web.DefaultSecurityFilterChain - Creating filter chain: OrRequestMatcher [requestMatchers=[Ant [pattern='/css/**'], Ant [pattern='/js/**'], Ant [pattern='/images/**'], Ant [pattern='/webjars/**'], Ant [pattern='/**/favicon.ico'], Ant [pattern='/error']]], []
2017-07-11 09:39:41 [main] INFO  o.s.s.web.DefaultSecurityFilterChain - Creating filter chain: org.springframework.security.web.util.matcher.AnyRequestMatcher@1, [org.springframework.security.web.context.request.async.WebAsyncManagerIntegrationFilter@321bf4b1, org.springframework.security.web.context.SecurityContextPersistenceFilter@4a9b4d4e, org.springframework.security.web.header.HeaderWriterFilter@1455a374, org.springframework.security.web.authentication.logout.LogoutFilter@345f4e0d, org.springframework.security.web.authentication.www.BasicAuthenticationFilter@70f37190, org.springframework.security.web.savedrequest.RequestCacheAwareFilter@383d2e2d, org.springframework.security.web.servletapi.SecurityContextHolderAwareRequestFilter@63b85d97, org.springframework.security.web.authentication.AnonymousAuthenticationFilter@598f6c93, org.springframework.security.web.session.SessionManagementFilter@4ba32242, org.springframework.security.web.access.ExceptionTranslationFilter@719e8f9f, org.springframework.security.web.access.intercept.FilterSecurityInterceptor@268eefe7]
2017-07-11 09:39:41 [main] INFO  o.s.s.web.DefaultSecurityFilterChain - Creating filter chain: org.springframework.boot.actuate.autoconfigure.ManagementWebSecurityAutoConfiguration$LazyEndpointPathRequestMatcher@4c25687b, [org.springframework.security.web.context.request.async.WebAsyncManagerIntegrationFilter@5c21b22e, org.springframework.security.web.context.SecurityContextPersistenceFilter@74474fc0, org.springframework.security.web.header.HeaderWriterFilter@5bbf8daa, org.springframework.security.web.authentication.logout.LogoutFilter@475753dd, org.springframework.security.web.authentication.www.BasicAuthenticationFilter@7dbc77ca, org.springframework.security.web.savedrequest.RequestCacheAwareFilter@7cd239f6, org.springframework.security.web.servletapi.SecurityContextHolderAwareRequestFilter@5ba7391b, org.springframework.security.web.authentication.AnonymousAuthenticationFilter@184e5c44, org.springframework.security.web.session.SessionManagementFilter@33c5e52f, org.springframework.security.web.access.ExceptionTranslationFilter@31773d5b, org.springframework.security.web.access.intercept.FilterSecurityInterceptor@125ace20]
2017-07-11 09:39:42 [main] INFO  o.s.w.s.m.m.a.RequestMappingHandlerAdapter - Looking for @ControllerAdvice: org.springframework.boot.context.embedded.AnnotationConfigEmbeddedWebApplicationContext@7a56812e: startup date [Tue Jul 11 09:39:15 ICT 2017]; parent: org.springframework.context.annotation.AnnotationConfigApplicationContext@5dafbe45
2017-07-11 09:39:42 [main] INFO  o.s.w.s.m.m.a.RequestMappingHandlerMapping - Mapped "{[/api/accountclass/list],methods=[GET],produces=[application/json]}" onto public java.util.List<vn.fpt.dbp.vccb.core.domain.product.AccountClass> vn.fpt.dbp.vccb.service.param.rest.AccountClassController.list(java.security.Principal)
2017-07-11 09:39:42 [main] INFO  o.s.w.s.m.m.a.RequestMappingHandlerMapping - Mapped "{[/api/accountclass/search],methods=[POST],produces=[application/json]}" onto public vn.fpt.util.rest.PagedResource<vn.fpt.dbp.vccb.core.domain.product.AccountClass> vn.fpt.dbp.vccb.service.param.rest.AccountClassController.search(java.security.Principal,vn.fpt.dbp.vccb.core.domain.product.AccountClass,org.springframework.data.domain.Pageable)
2017-07-11 09:39:42 [main] INFO  o.s.w.s.m.m.a.RequestMappingHandlerMapping - Mapped "{[/api/autoblocktype/detail/{id}],methods=[GET],produces=[application/json]}" onto public vn.fpt.dbp.vccb.core.domain.product.AutoBlockType vn.fpt.dbp.vccb.service.param.rest.AutoBlockTypeController.autoBlockTypeInfo(java.security.Principal,java.lang.Long)
2017-07-11 09:39:42 [main] INFO  o.s.w.s.m.m.a.RequestMappingHandlerMapping - Mapped "{[/api/autoblocktype/list],methods=[GET],produces=[application/json]}" onto public java.util.List<vn.fpt.dbp.vccb.core.domain.product.AutoBlockType> vn.fpt.dbp.vccb.service.param.rest.AutoBlockTypeController.listAutoBlockType(java.security.Principal)
2017-07-11 09:39:42 [main] INFO  o.s.w.s.m.m.a.RequestMappingHandlerMapping - Mapped "{[/api/autoblocktype/search],methods=[POST],produces=[application/json]}" onto public vn.fpt.util.rest.PagedResource<vn.fpt.dbp.vccb.core.domain.product.AutoBlockType> vn.fpt.dbp.vccb.service.param.rest.AutoBlockTypeController.searchAutoBlockType(java.security.Principal,vn.fpt.dbp.vccb.core.domain.product.AutoBlockType,org.springframework.data.domain.Pageable)
2017-07-11 09:39:42 [main] INFO  o.s.w.s.m.m.a.RequestMappingHandlerMapping - Mapped "{[/api/mailresetpassword/send],methods=[POST],produces=[application/json]}" onto public void vn.fpt.dbp.vccb.service.param.rest.EmailController.sendResetPasswordMail(java.security.Principal,vn.fpt.dbp.vccb.core.domain.user.User) throws java.lang.Exception
2017-07-11 09:39:42 [main] INFO  o.s.w.s.m.m.a.RequestMappingHandlerMapping - Mapped "{[/api/mailgreeting/send],methods=[POST],produces=[application/json]}" onto public java.lang.String vn.fpt.dbp.vccb.service.param.rest.EmailController.sendGreetingMail(java.security.Principal,vn.fpt.dbp.vccb.core.domain.user.User) throws java.lang.Exception
2017-07-11 09:39:42 [main] INFO  o.s.w.s.m.m.a.RequestMappingHandlerMapping - Mapped "{[/api/exchange/find],methods=[POST],produces=[application/json]}" onto public vn.fpt.util.rest.PagedResource<vn.fpt.dbp.vccb.core.domain.exchange.Exchange> vn.fpt.dbp.vccb.service.param.rest.ExchangeController.find(java.security.Principal,vn.fpt.dbp.vccb.core.domain.exchange.Exchange,org.springframework.data.domain.Pageable)
2017-07-11 09:39:42 [main] INFO  o.s.w.s.m.m.a.RequestMappingHandlerMapping - Mapped "{[/api/exchange/savedraft/delete],methods=[POST],produces=[application/json]}" onto public vn.fpt.util.rest.RestResponse<vn.fpt.dbp.vccb.core.domain.exchange.Exchange> vn.fpt.dbp.vccb.service.param.rest.ExchangeController.delete(java.security.Principal,vn.fpt.dbp.vccb.core.domain.exchange.Exchange)
2017-07-11 09:39:42 [main] INFO  o.s.w.s.m.m.a.RequestMappingHandlerMapping - Mapped "{[/api/exchange/list],methods=[GET],produces=[application/json]}" onto public java.util.List<vn.fpt.dbp.vccb.core.domain.exchange.Exchange> vn.fpt.dbp.vccb.service.param.rest.ExchangeController.list(java.security.Principal)
2017-07-11 09:39:42 [main] INFO  o.s.w.s.m.m.a.RequestMappingHandlerMapping - Mapped "{[/api/exchange/search],methods=[POST],produces=[application/json]}" onto public vn.fpt.util.rest.PagedResource<vn.fpt.dbp.vccb.core.domain.exchange.Exchange> vn.fpt.dbp.vccb.service.param.rest.ExchangeController.search(java.security.Principal,vn.fpt.dbp.vccb.core.domain.exchange.Exchange,org.springframework.data.domain.Pageable)
2017-07-11 09:39:42 [main] INFO  o.s.w.s.m.m.a.RequestMappingHandlerMapping - Mapped "{[/api/exchange/rejected/create],methods=[POST],produces=[application/json]}" onto public vn.fpt.util.rest.RestResponse<vn.fpt.dbp.vccb.core.domain.exchange.Exchange> vn.fpt.dbp.vccb.service.param.rest.ExchangeController.reject(java.security.Principal,vn.fpt.dbp.vccb.core.domain.exchange.Exchange)
2017-07-11 09:39:42 [main] INFO  o.s.w.s.m.m.a.RequestMappingHandlerMapping - Mapped "{[/api/exchange/assigned/create],methods=[POST],produces=[application/json]}" onto public vn.fpt.util.rest.RestResponse<vn.fpt.dbp.vccb.core.domain.exchange.Exchange> vn.fpt.dbp.vccb.service.param.rest.ExchangeController.assign(java.security.Principal,vn.fpt.dbp.vccb.core.domain.exchange.Exchange)
2017-07-11 09:39:42 [main] INFO  o.s.w.s.m.m.a.RequestMappingHandlerMapping - Mapped "{[/api/exchangedetail/find],methods=[POST],produces=[application/json]}" onto public vn.fpt.util.rest.PagedResource<vn.fpt.dbp.vccb.core.domain.exchange.ExchangeDetail> vn.fpt.dbp.vccb.service.param.rest.ExchangeController.findExchangeDetail(java.security.Principal,vn.fpt.dbp.vccb.core.domain.exchange.Exchange,org.springframework.data.domain.Pageable)
2017-07-11 09:39:42 [main] INFO  o.s.w.s.m.m.a.RequestMappingHandlerMapping - Mapped "{[/api/exchange/search/exchangedetail],methods=[POST],produces=[application/json]}" onto public vn.fpt.util.rest.PagedResource<vn.fpt.dbp.vccb.core.domain.exchange.Exchange> vn.fpt.dbp.vccb.service.param.rest.ExchangeController.searchExchangeDetail(java.security.Principal,vn.fpt.dbp.vccb.core.domain.exchange.Exchange,org.springframework.data.domain.Pageable) throws java.lang.Exception
2017-07-11 09:39:42 [main] INFO  o.s.w.s.m.m.a.RequestMappingHandlerMapping - Mapped "{[/api/exchange/osb/search],methods=[POST],produces=[application/json]}" onto public vn.fpt.util.rest.PagedResource<vn.fpt.dbp.vccb.core.domain.exchange.Exchange> vn.fpt.dbp.vccb.service.param.rest.ExchangeController.searchExchangeOSB(java.security.Principal,vn.fpt.dbp.vccb.core.domain.exchange.Exchange,org.springframework.data.domain.Pageable)
2017-07-11 09:39:42 [main] INFO  o.s.w.s.m.m.a.RequestMappingHandlerMapping - Mapped "{[/api/exchange/getapprovallist],methods=[GET],produces=[application/json]}" onto public java.util.List<vn.fpt.dbp.vccb.core.domain.user.User> vn.fpt.dbp.vccb.service.param.rest.ExchangeController.getUserApprovals(java.security.Principal)
2017-07-11 09:39:42 [main] INFO  o.s.w.s.m.m.a.RequestMappingHandlerMapping - Mapped "{[/api/exchange/detail/{id}],methods=[GET],produces=[application/json]}" onto public vn.fpt.dbp.vccb.core.domain.exchange.Exchange vn.fpt.dbp.vccb.service.param.rest.ExchangeController.detail(java.security.Principal,java.lang.Long)
2017-07-11 09:39:42 [main] INFO  o.s.w.s.m.m.a.RequestMappingHandlerMapping - Mapped "{[/api/exchange/approved/createinprimary],methods=[POST],produces=[application/json]}" onto public vn.fpt.util.rest.RestResponse<vn.fpt.dbp.vccb.core.domain.exchange.Exchange> vn.fpt.dbp.vccb.service.param.rest.ExchangeController.approveInPrimary(java.security.Principal,vn.fpt.dbp.vccb.core.domain.exchange.Exchange)
2017-07-11 09:39:42 [main] INFO  o.s.w.s.m.m.a.RequestMappingHandlerMapping - Mapped "{[/api/exchange/approved/create],methods=[POST],produces=[application/json]}" onto public vn.fpt.util.rest.RestResponse<vn.fpt.dbp.vccb.core.domain.exchange.Exchange> vn.fpt.dbp.vccb.service.param.rest.ExchangeController.approve(java.security.Principal,vn.fpt.dbp.vccb.core.domain.exchange.Exchange)
2017-07-11 09:39:42 [main] INFO  o.s.w.s.m.m.a.RequestMappingHandlerMapping - Mapped "{[/api/exchange/upload/create],methods=[POST],produces=[application/json]}" onto public java.lang.Integer vn.fpt.dbp.vccb.service.param.rest.ExchangeController.upload(java.security.Principal,org.springframework.web.multipart.MultipartFile)
2017-07-11 09:39:42 [main] INFO  o.s.w.s.m.m.a.RequestMappingHandlerMapping - Mapped "{[/api/exchange/sendbatchforapprove/create],methods=[POST],produces=[application/json]}" onto public vn.fpt.util.rest.RestResponse<java.util.Set<vn.fpt.dbp.vccb.core.domain.exchange.Exchange>> vn.fpt.dbp.vccb.service.param.rest.ExchangeController.commitBatch(java.security.Principal,java.util.Set<vn.fpt.dbp.vccb.core.domain.exchange.Exchange>)
2017-07-11 09:39:42 [main] INFO  o.s.w.s.m.m.a.RequestMappingHandlerMapping - Mapped "{[/api/exchange/sendforapprove/create],methods=[POST],produces=[application/json]}" onto public vn.fpt.util.rest.RestResponse<vn.fpt.dbp.vccb.core.domain.exchange.Exchange> vn.fpt.dbp.vccb.service.param.rest.ExchangeController.sendForApproved(java.security.Principal,vn.fpt.dbp.vccb.core.domain.exchange.Exchange)
2017-07-11 09:39:42 [main] INFO  o.s.w.s.m.m.a.RequestMappingHandlerMapping - Mapped "{[/api/exchange/assigned/return],methods=[POST],produces=[application/json]}" onto public vn.fpt.util.rest.RestResponse<vn.fpt.dbp.vccb.core.domain.exchange.Exchange> vn.fpt.dbp.vccb.service.param.rest.ExchangeController.returnAssign(java.security.Principal,vn.fpt.dbp.vccb.core.domain.exchange.Exchange)
2017-07-11 09:39:42 [main] INFO  o.s.w.s.m.m.a.RequestMappingHandlerMapping - Mapped "{[/api/exchange/savedraft/create],methods=[POST],produces=[application/json]}" onto public vn.fpt.util.rest.RestResponse<vn.fpt.dbp.vccb.core.domain.exchange.Exchange> vn.fpt.dbp.vccb.service.param.rest.ExchangeController.saveAsDraft(java.security.Principal,vn.fpt.dbp.vccb.core.domain.exchange.Exchange)
2017-07-11 09:39:42 [main] INFO  o.s.w.s.m.m.a.RequestMappingHandlerMapping - Mapped "{[/api/exchangetype/search],methods=[POST],produces=[application/json]}" onto public vn.fpt.util.rest.PagedResource<vn.fpt.dbp.vccb.core.domain.exchange.ExchangeType> vn.fpt.dbp.vccb.service.param.rest.ExchangeTypeController.searchExchangeType(java.security.Principal,vn.fpt.dbp.vccb.core.domain.exchange.ExchangeType,org.springframework.data.domain.Pageable)
2017-07-11 09:39:42 [main] INFO  o.s.w.s.m.m.a.RequestMappingHandlerMapping - Mapped "{[/api/exchangetype/osb/search],methods=[POST],produces=[application/json]}" onto public vn.fpt.util.rest.PagedResource<vn.fpt.dbp.vccb.core.domain.exchange.ExchangeType> vn.fpt.dbp.vccb.service.param.rest.ExchangeTypeController.searchExchangeTypeOSB(java.security.Principal,vn.fpt.dbp.vccb.core.domain.exchange.ExchangeType,org.springframework.data.domain.Pageable)
2017-07-11 09:39:42 [main] INFO  o.s.w.s.m.m.a.RequestMappingHandlerMapping - Mapped "{[/api/exchangetype/list],methods=[GET],produces=[application/json]}" onto public java.util.List<vn.fpt.dbp.vccb.core.domain.exchange.ExchangeType> vn.fpt.dbp.vccb.service.param.rest.ExchangeTypeController.listExchangeType(java.security.Principal)
2017-07-11 09:39:42 [main] INFO  o.s.w.s.m.m.a.RequestMappingHandlerMapping - Mapped "{[/api/exchangetype/detail/{id}],methods=[GET],produces=[application/json]}" onto public vn.fpt.dbp.vccb.core.domain.exchange.ExchangeType vn.fpt.dbp.vccb.service.param.rest.ExchangeTypeController.exchangeTypeInfo(java.security.Principal,java.lang.Long)
2017-07-11 09:39:42 [main] INFO  o.s.w.s.m.m.a.RequestMappingHandlerMapping - Mapped "{[/api/exchangeuploadfile/savedraft/delete],methods=[POST],produces=[application/json]}" onto public vn.fpt.util.rest.RestResponse<vn.fpt.dbp.vccb.core.domain.exchange.ExchangeUploadFile> vn.fpt.dbp.vccb.service.param.rest.ExchangeUploadFileController.delete(java.security.Principal,vn.fpt.dbp.vccb.core.domain.exchange.ExchangeUploadFile)
2017-07-11 09:39:42 [main] INFO  o.s.w.s.m.m.a.RequestMappingHandlerMapping - Mapped "{[/api/exchangeuploadfile/list],methods=[GET],produces=[application/json]}" onto public java.util.List<vn.fpt.dbp.vccb.core.domain.exchange.ExchangeUploadFile> vn.fpt.dbp.vccb.service.param.rest.ExchangeUploadFileController.list(java.security.Principal)
2017-07-11 09:39:42 [main] INFO  o.s.w.s.m.m.a.RequestMappingHandlerMapping - Mapped "{[/api/exchangeuploadfile/search],methods=[POST],produces=[application/json]}" onto public vn.fpt.util.rest.PagedResource<vn.fpt.dbp.vccb.core.domain.exchange.ExchangeUploadFile> vn.fpt.dbp.vccb.service.param.rest.ExchangeUploadFileController.search(java.security.Principal,vn.fpt.dbp.vccb.core.domain.exchange.ExchangeUploadFile,org.springframework.data.domain.Pageable)
2017-07-11 09:39:42 [main] INFO  o.s.w.s.m.m.a.RequestMappingHandlerMapping - Mapped "{[/api/exchangeuploadfile/rejected/create],methods=[POST],produces=[application/json]}" onto public vn.fpt.util.rest.RestResponse<vn.fpt.dbp.vccb.core.domain.exchange.ExchangeUploadFile> vn.fpt.dbp.vccb.service.param.rest.ExchangeUploadFileController.reject(java.security.Principal,vn.fpt.dbp.vccb.core.domain.exchange.ExchangeUploadFile)
2017-07-11 09:39:42 [main] INFO  o.s.w.s.m.m.a.RequestMappingHandlerMapping - Mapped "{[/api/exchangeuploadfile/assigned/create],methods=[POST],produces=[application/json]}" onto public vn.fpt.util.rest.RestResponse<vn.fpt.dbp.vccb.core.domain.exchange.ExchangeUploadFile> vn.fpt.dbp.vccb.service.param.rest.ExchangeUploadFileController.assign(java.security.Principal,vn.fpt.dbp.vccb.core.domain.exchange.ExchangeUploadFile)
2017-07-11 09:39:42 [main] INFO  o.s.w.s.m.m.a.RequestMappingHandlerMapping - Mapped "{[/api/exchangeuploadfile/getapprovallist],methods=[GET],produces=[application/json]}" onto public java.util.List<vn.fpt.dbp.vccb.core.domain.user.User> vn.fpt.dbp.vccb.service.param.rest.ExchangeUploadFileController.getUserApprovals(java.security.Principal)
2017-07-11 09:39:42 [main] INFO  o.s.w.s.m.m.a.RequestMappingHandlerMapping - Mapped "{[/api/exchangeuploadfile/detail/{id}],methods=[GET],produces=[application/json]}" onto public vn.fpt.dbp.vccb.core.domain.exchange.ExchangeUploadFile vn.fpt.dbp.vccb.service.param.rest.ExchangeUploadFileController.detail(java.security.Principal,java.lang.Long)
2017-07-11 09:39:42 [main] INFO  o.s.w.s.m.m.a.RequestMappingHandlerMapping - Mapped "{[/api/exchangeuploadfile/approved/createinprimary],methods=[POST],produces=[application/json]}" onto public vn.fpt.util.rest.RestResponse<vn.fpt.dbp.vccb.core.domain.exchange.ExchangeUploadFile> vn.fpt.dbp.vccb.service.param.rest.ExchangeUploadFileController.approveInPrimary(java.security.Principal,vn.fpt.dbp.vccb.core.domain.exchange.ExchangeUploadFile)
2017-07-11 09:39:42 [main] INFO  o.s.w.s.m.m.a.RequestMappingHandlerMapping - Mapped "{[/api/exchangeuploadfile/approved/create],methods=[POST],produces=[application/json]}" onto public vn.fpt.util.rest.RestResponse<vn.fpt.dbp.vccb.core.domain.exchange.ExchangeUploadFile> vn.fpt.dbp.vccb.service.param.rest.ExchangeUploadFileController.approve(java.security.Principal,vn.fpt.dbp.vccb.core.domain.exchange.ExchangeUploadFile)
2017-07-11 09:39:42 [main] INFO  o.s.w.s.m.m.a.RequestMappingHandlerMapping - Mapped "{[/api/exchangeuploadfile/sendforapprove/create],methods=[POST],produces=[application/json]}" onto public vn.fpt.util.rest.RestResponse<vn.fpt.dbp.vccb.core.domain.exchange.ExchangeUploadFile> vn.fpt.dbp.vccb.service.param.rest.ExchangeUploadFileController.sendForApproved(java.security.Principal,vn.fpt.dbp.vccb.core.domain.exchange.ExchangeUploadFile)
2017-07-11 09:39:42 [main] INFO  o.s.w.s.m.m.a.RequestMappingHandlerMapping - Mapped "{[/api/exchangeuploadfile/assigned/return],methods=[POST],produces=[application/json]}" onto public vn.fpt.util.rest.RestResponse<vn.fpt.dbp.vccb.core.domain.exchange.ExchangeUploadFile> vn.fpt.dbp.vccb.service.param.rest.ExchangeUploadFileController.returnAssign(java.security.Principal,vn.fpt.dbp.vccb.core.domain.exchange.ExchangeUploadFile)
2017-07-11 09:39:42 [main] INFO  o.s.w.s.m.m.a.RequestMappingHandlerMapping - Mapped "{[/api/exchangeuploadfile/savedraft/create],methods=[POST],produces=[application/json]}" onto public vn.fpt.util.rest.RestResponse<vn.fpt.dbp.vccb.core.domain.exchange.ExchangeUploadFile> vn.fpt.dbp.vccb.service.param.rest.ExchangeUploadFileController.saveAsDraft(java.security.Principal,vn.fpt.dbp.vccb.core.domain.exchange.ExchangeUploadFile)
2017-07-11 09:39:42 [main] INFO  o.s.w.s.m.m.a.RequestMappingHandlerMapping - Mapped "{[/api/interest/assigned/create],methods=[POST],produces=[application/json]}" onto public vn.fpt.util.rest.RestResponse<vn.fpt.dbp.vccb.core.domain.interest.Interest> vn.fpt.dbp.vccb.service.param.rest.InterestController.createAssignedInterest(java.security.Principal,vn.fpt.dbp.vccb.core.domain.interest.Interest)
2017-07-11 09:39:42 [main] INFO  o.s.w.s.m.m.a.RequestMappingHandlerMapping - Mapped "{[/api/interest/sendforapprove/search],methods=[POST],produces=[application/json]}" onto public vn.fpt.util.rest.PagedResource<vn.fpt.dbp.vccb.core.domain.interest.Interest> vn.fpt.dbp.vccb.service.param.rest.InterestController.searchWaitingInterest(java.security.Principal,vn.fpt.dbp.vccb.core.domain.interest.Interest,org.springframework.data.domain.Pageable)
2017-07-11 09:39:42 [main] INFO  o.s.w.s.m.m.a.RequestMappingHandlerMapping - Mapped "{[/api/interest/assigned/search],methods=[POST],produces=[application/json]}" onto public vn.fpt.util.rest.PagedResource<vn.fpt.dbp.vccb.core.domain.interest.Interest> vn.fpt.dbp.vccb.service.param.rest.InterestController.searchAssignedInterest(java.security.Principal,vn.fpt.dbp.vccb.core.domain.interest.Interest,org.springframework.data.domain.Pageable)
2017-07-11 09:39:42 [main] INFO  o.s.w.s.m.m.a.RequestMappingHandlerMapping - Mapped "{[/api/interest/approved/search],methods=[POST],produces=[application/json]}" onto public vn.fpt.util.rest.PagedResource<vn.fpt.dbp.vccb.core.domain.interest.Interest> vn.fpt.dbp.vccb.service.param.rest.InterestController.searchApprovedInterest(java.security.Principal,vn.fpt.dbp.vccb.core.domain.interest.Interest,org.springframework.data.domain.Pageable)
2017-07-11 09:39:42 [main] INFO  o.s.w.s.m.m.a.RequestMappingHandlerMapping - Mapped "{[/api/interest/savedraft/create],methods=[POST],produces=[application/json]}" onto public vn.fpt.util.rest.RestResponse<vn.fpt.dbp.vccb.core.domain.interest.Interest> vn.fpt.dbp.vccb.service.param.rest.InterestController.createSaveDraftInterest(java.security.Principal,vn.fpt.dbp.vccb.core.domain.interest.Interest)
2017-07-11 09:39:42 [main] INFO  o.s.w.s.m.m.a.RequestMappingHandlerMapping - Mapped "{[/api/interest/savedraft/search],methods=[POST],produces=[application/json]}" onto public vn.fpt.util.rest.PagedResource<vn.fpt.dbp.vccb.core.domain.interest.Interest> vn.fpt.dbp.vccb.service.param.rest.InterestController.searchSaveDraftInterest(java.security.Principal,vn.fpt.dbp.vccb.core.domain.interest.Interest,org.springframework.data.domain.Pageable)
2017-07-11 09:39:42 [main] INFO  o.s.w.s.m.m.a.RequestMappingHandlerMapping - Mapped "{[/api/interest/rejected/search],methods=[POST],produces=[application/json]}" onto public vn.fpt.util.rest.PagedResource<vn.fpt.dbp.vccb.core.domain.interest.Interest> vn.fpt.dbp.vccb.service.param.rest.InterestController.searchRejectedInterest(java.security.Principal,vn.fpt.dbp.vccb.core.domain.interest.Interest,org.springframework.data.domain.Pageable)
2017-07-11 09:39:42 [main] INFO  o.s.w.s.m.m.a.RequestMappingHandlerMapping - Mapped "{[/api/interest/sendforapprove/create],methods=[POST],produces=[application/json]}" onto public vn.fpt.util.rest.RestResponse<vn.fpt.dbp.vccb.core.domain.interest.Interest> vn.fpt.dbp.vccb.service.param.rest.InterestController.createSendForApproveInterest(java.security.Principal,vn.fpt.dbp.vccb.core.domain.interest.Interest)
2017-07-11 09:39:42 [main] INFO  o.s.w.s.m.m.a.RequestMappingHandlerMapping - Mapped "{[/api/interest/approved/create],methods=[POST],produces=[application/json]}" onto public vn.fpt.util.rest.RestResponse<vn.fpt.dbp.vccb.core.domain.interest.Interest> vn.fpt.dbp.vccb.service.param.rest.InterestController.createApprovedInterest(java.security.Principal,vn.fpt.dbp.vccb.core.domain.interest.Interest)
2017-07-11 09:39:42 [main] INFO  o.s.w.s.m.m.a.RequestMappingHandlerMapping - Mapped "{[/api/interest/approved/createinprimary],methods=[POST],produces=[application/json]}" onto public vn.fpt.util.rest.RestResponse<vn.fpt.dbp.vccb.core.domain.interest.Interest> vn.fpt.dbp.vccb.service.param.rest.InterestController.createApprovedInterestInPrimary(java.security.Principal,vn.fpt.dbp.vccb.core.domain.interest.Interest)
2017-07-11 09:39:42 [main] INFO  o.s.w.s.m.m.a.RequestMappingHandlerMapping - Mapped "{[/api/interest/assigned/return],methods=[POST],produces=[application/json]}" onto public vn.fpt.util.rest.RestResponse<vn.fpt.dbp.vccb.core.domain.interest.Interest> vn.fpt.dbp.vccb.service.param.rest.InterestController.createReturnAssignedInterest(java.security.Principal,vn.fpt.dbp.vccb.core.domain.interest.Interest)
2017-07-11 09:39:42 [main] INFO  o.s.w.s.m.m.a.RequestMappingHandlerMapping - Mapped "{[/api/interest/savedraft/delete],methods=[POST],produces=[application/json]}" onto public vn.fpt.util.rest.RestResponse<vn.fpt.dbp.vccb.core.domain.interest.Interest> vn.fpt.dbp.vccb.service.param.rest.InterestController.deleteSaveDraftInterest(java.security.Principal,vn.fpt.dbp.vccb.core.domain.interest.Interest)
2017-07-11 09:39:42 [main] INFO  o.s.w.s.m.m.a.RequestMappingHandlerMapping - Mapped "{[/api/interest/rejected/create],methods=[POST],produces=[application/json]}" onto public vn.fpt.util.rest.RestResponse<vn.fpt.dbp.vccb.core.domain.interest.Interest> vn.fpt.dbp.vccb.service.param.rest.InterestController.createRejectedInterest(java.security.Principal,vn.fpt.dbp.vccb.core.domain.interest.Interest)
2017-07-11 09:39:42 [main] INFO  o.s.w.s.m.m.a.RequestMappingHandlerMapping - Mapped "{[/api/interest/search],methods=[POST],produces=[application/json]}" onto public vn.fpt.util.rest.PagedResource<vn.fpt.dbp.vccb.core.domain.interest.Interest> vn.fpt.dbp.vccb.service.param.rest.InterestController.searchInterest(java.security.Principal,vn.fpt.dbp.vccb.core.domain.interest.Interest,org.springframework.data.domain.Pageable)
2017-07-11 09:39:42 [main] INFO  o.s.w.s.m.m.a.RequestMappingHandlerMapping - Mapped "{[/api/interest/find],methods=[POST],produces=[application/json]}" onto public vn.fpt.util.rest.PagedResource<vn.fpt.dbp.vccb.core.domain.interest.Interest> vn.fpt.dbp.vccb.service.param.rest.InterestController.findInterest(java.security.Principal,vn.fpt.dbp.vccb.core.domain.interest.Interest,org.springframework.data.domain.Pageable)
2017-07-11 09:39:42 [main] INFO  o.s.w.s.m.m.a.RequestMappingHandlerMapping - Mapped "{[/api/interest/detail/{id}],methods=[GET],produces=[application/json]}" onto public vn.fpt.dbp.vccb.core.domain.interest.Interest vn.fpt.dbp.vccb.service.param.rest.InterestController.interestInfo(java.security.Principal,java.lang.String)
2017-07-11 09:39:42 [main] INFO  o.s.w.s.m.m.a.RequestMappingHandlerMapping - Mapped "{[/api/interest/workflowinfo/update],methods=[POST],produces=[application/json]}" onto public vn.fpt.util.rest.RestResponse<vn.fpt.dbp.vccb.core.domain.interest.Interest> vn.fpt.dbp.vccb.service.param.rest.InterestController.updateWorkFlow(java.security.Principal,vn.fpt.dbp.vccb.core.domain.interest.Interest)
2017-07-11 09:39:42 [main] INFO  o.s.w.s.m.m.a.RequestMappingHandlerMapping - Mapped "{[/api/interest/list],methods=[GET],produces=[application/json]}" onto public java.util.List<vn.fpt.dbp.vccb.core.domain.interest.Interest> vn.fpt.dbp.vccb.service.param.rest.InterestController.listInterests(java.security.Principal)
2017-07-11 09:39:42 [main] INFO  o.s.w.s.m.m.a.RequestMappingHandlerMapping - Mapped "{[/api/interest/osb/param/get],methods=[POST],produces=[application/json]}" onto public java.util.List<vn.fpt.dbp.vccb.core.domain.interest.InterestParameter> vn.fpt.dbp.vccb.service.param.rest.InterestController.getCoreParam(java.security.Principal,vn.fpt.dbp.vccb.core.domain.interest.Interest)
2017-07-11 09:39:42 [main] INFO  o.s.w.s.m.m.a.RequestMappingHandlerMapping - Mapped "{[/api/interest/getapprovallist],methods=[GET],produces=[application/json]}" onto public java.util.List<vn.fpt.dbp.vccb.core.domain.user.User> vn.fpt.dbp.vccb.service.param.rest.InterestController.getUserApprovals(java.security.Principal)
2017-07-11 09:39:42 [main] INFO  o.s.w.s.m.m.a.RequestMappingHandlerMapping - Mapped "{[/api/interestuploadfile/list],methods=[GET],produces=[application/json]}" onto public java.util.List<vn.fpt.dbp.vccb.core.domain.interest.InterestUploadFile> vn.fpt.dbp.vccb.service.param.rest.InterestUploadFileController.listInterestUploadFile(java.security.Principal)
2017-07-11 09:39:42 [main] INFO  o.s.w.s.m.m.a.RequestMappingHandlerMapping - Mapped "{[/api/interestuploadfile/search],methods=[POST],produces=[application/json]}" onto public vn.fpt.util.rest.PagedResource<vn.fpt.dbp.vccb.core.domain.interest.InterestUploadFile> vn.fpt.dbp.vccb.service.param.rest.InterestUploadFileController.searchInterestUploadFile(java.security.Principal,vn.fpt.dbp.vccb.core.domain.interest.InterestUploadFile,org.springframework.data.domain.Pageable)
2017-07-11 09:39:42 [main] INFO  o.s.w.s.m.m.a.RequestMappingHandlerMapping - Mapped "{[/api/interestuploadfile/approved/createinprimary],methods=[POST],produces=[application/json]}" onto public vn.fpt.util.rest.RestResponse<vn.fpt.dbp.vccb.core.domain.interest.InterestUploadFile> vn.fpt.dbp.vccb.service.param.rest.InterestUploadFileController.createApprovedInterestInPrimary(java.security.Principal,vn.fpt.dbp.vccb.core.domain.interest.InterestUploadFile)
2017-07-11 09:39:42 [main] INFO  o.s.w.s.m.m.a.RequestMappingHandlerMapping - Mapped "{[/api/interestuploadfile/rejected/create],methods=[POST],produces=[application/json]}" onto public vn.fpt.util.rest.RestResponse<vn.fpt.dbp.vccb.core.domain.interest.InterestUploadFile> vn.fpt.dbp.vccb.service.param.rest.InterestUploadFileController.createRejectedInterestUploadFile(java.security.Principal,vn.fpt.dbp.vccb.core.domain.interest.InterestUploadFile)
2017-07-11 09:39:42 [main] INFO  o.s.w.s.m.m.a.RequestMappingHandlerMapping - Mapped "{[/api/interestuploadfile/assigned/create],methods=[POST],produces=[application/json]}" onto public vn.fpt.util.rest.RestResponse<vn.fpt.dbp.vccb.core.domain.interest.InterestUploadFile> vn.fpt.dbp.vccb.service.param.rest.InterestUploadFileController.createAssignedInterestUploadFile(java.security.Principal,vn.fpt.dbp.vccb.core.domain.interest.InterestUploadFile)
2017-07-11 09:39:42 [main] INFO  o.s.w.s.m.m.a.RequestMappingHandlerMapping - Mapped "{[/api/interestuploadfile/approved/create],methods=[POST],produces=[application/json]}" onto public vn.fpt.util.rest.RestResponse<vn.fpt.dbp.vccb.core.domain.interest.InterestUploadFile> vn.fpt.dbp.vccb.service.param.rest.InterestUploadFileController.createApprovedInterestUploadFile(java.security.Principal,vn.fpt.dbp.vccb.core.domain.interest.InterestUploadFile)
2017-07-11 09:39:42 [main] INFO  o.s.w.s.m.m.a.RequestMappingHandlerMapping - Mapped "{[/api/interestuploadfile/detail/{id}],methods=[GET],produces=[application/json]}" onto public vn.fpt.dbp.vccb.core.domain.interest.InterestUploadFile vn.fpt.dbp.vccb.service.param.rest.InterestUploadFileController.interestUploadFileInfo(java.security.Principal,java.lang.String)
2017-07-11 09:39:42 [main] INFO  o.s.w.s.m.m.a.RequestMappingHandlerMapping - Mapped "{[/api/interestuploadfile/savedraft/create],methods=[POST],produces=[application/json]}" onto public vn.fpt.util.rest.RestResponse<vn.fpt.dbp.vccb.core.domain.interest.InterestUploadFile> vn.fpt.dbp.vccb.service.param.rest.InterestUploadFileController.createSaveDraftInterestUploadFile(java.security.Principal,vn.fpt.dbp.vccb.core.domain.interest.InterestUploadFile)
2017-07-11 09:39:42 [main] INFO  o.s.w.s.m.m.a.RequestMappingHandlerMapping - Mapped "{[/api/interestuploadfile/savedraft/delete],methods=[POST],produces=[application/json]}" onto public vn.fpt.util.rest.RestResponse<vn.fpt.dbp.vccb.core.domain.interest.InterestUploadFile> vn.fpt.dbp.vccb.service.param.rest.InterestUploadFileController.deleteSaveDraftInterestUploadFile(java.security.Principal,vn.fpt.dbp.vccb.core.domain.interest.InterestUploadFile)
2017-07-11 09:39:42 [main] INFO  o.s.w.s.m.m.a.RequestMappingHandlerMapping - Mapped "{[/api/interestuploadfile/sendforapprove/create],methods=[POST],produces=[application/json]}" onto public vn.fpt.util.rest.RestResponse<vn.fpt.dbp.vccb.core.domain.interest.InterestUploadFile> vn.fpt.dbp.vccb.service.param.rest.InterestUploadFileController.createSendForApproveInterestUploadFile(java.security.Principal,vn.fpt.dbp.vccb.core.domain.interest.InterestUploadFile)
2017-07-11 09:39:42 [main] INFO  o.s.w.s.m.m.a.RequestMappingHandlerMapping - Mapped "{[/api/interestuploadfile/assigned/return],methods=[POST],produces=[application/json]}" onto public vn.fpt.util.rest.RestResponse<vn.fpt.dbp.vccb.core.domain.interest.InterestUploadFile> vn.fpt.dbp.vccb.service.param.rest.InterestUploadFileController.createReturnAssignedInterestUploadFile(java.security.Principal,vn.fpt.dbp.vccb.core.domain.interest.InterestUploadFile)
2017-07-11 09:39:42 [main] INFO  o.s.w.s.m.m.a.RequestMappingHandlerMapping - Mapped "{[/api/interestuploadfile/getcreaterlist],methods=[GET],produces=[application/json]}" onto public java.util.List<vn.fpt.dbp.vccb.core.domain.user.User> vn.fpt.dbp.vccb.service.param.rest.InterestUploadFileController.getUserCreaters(java.security.Principal)
2017-07-11 09:39:42 [main] INFO  o.s.w.s.m.m.a.RequestMappingHandlerMapping - Mapped "{[/api/interestuploadfile/getapprovallist],methods=[GET],produces=[application/json]}" onto public java.util.List<vn.fpt.dbp.vccb.core.domain.user.User> vn.fpt.dbp.vccb.service.param.rest.InterestUploadFileController.getUserApprovals(java.security.Principal)
2017-07-11 09:39:42 [main] INFO  o.s.w.s.m.m.a.RequestMappingHandlerMapping - Mapped "{[/api/productaccountclass/list],methods=[GET],produces=[application/json]}" onto public java.util.List<vn.fpt.dbp.vccb.core.domain.product.ProductAccountClass> vn.fpt.dbp.vccb.service.param.rest.ProductAccountClassController.list(java.security.Principal)
2017-07-11 09:39:42 [main] INFO  o.s.w.s.m.m.a.RequestMappingHandlerMapping - Mapped "{[/api/productaccountclass/search],methods=[POST],produces=[application/json]}" onto public vn.fpt.util.rest.PagedResource<vn.fpt.dbp.vccb.core.domain.product.ProductAccountClass> vn.fpt.dbp.vccb.service.param.rest.ProductAccountClassController.search(java.security.Principal,vn.fpt.dbp.vccb.core.domain.product.ProductAccountClass,org.springframework.data.domain.Pageable)
2017-07-11 09:39:42 [main] INFO  o.s.w.s.m.m.a.RequestMappingHandlerMapping - Mapped "{[/api/productaccountclass/osb/search],methods=[POST],produces=[application/json]}" onto public vn.fpt.util.rest.PagedResource<vn.fpt.dbp.vccb.core.domain.product.ProductAccountClass> vn.fpt.dbp.vccb.service.param.rest.ProductAccountClassController.searchExchangeOSB(java.security.Principal,vn.fpt.dbp.vccb.core.domain.product.Product,org.springframework.data.domain.Pageable)
2017-07-11 09:39:42 [main] INFO  o.s.w.s.m.m.a.RequestMappingHandlerMapping - Mapped "{[/api/product/code/{code}],methods=[GET],produces=[application/json]}" onto public java.util.List<vn.fpt.dbp.vccb.core.domain.product.Product> vn.fpt.dbp.vccb.service.param.rest.ProductController.productInfoByCode(java.security.Principal,java.lang.String)
2017-07-11 09:39:42 [main] INFO  o.s.w.s.m.m.a.RequestMappingHandlerMapping - Mapped "{[/api/product/savedraft/create],methods=[POST],produces=[application/json]}" onto public vn.fpt.util.rest.RestResponse<vn.fpt.dbp.vccb.core.domain.product.Product> vn.fpt.dbp.vccb.service.param.rest.ProductController.createSaveDraftProduct(java.security.Principal,vn.fpt.dbp.vccb.core.domain.product.Product)
2017-07-11 09:39:42 [main] INFO  o.s.w.s.m.m.a.RequestMappingHandlerMapping - Mapped "{[/api/product/name/{name}],methods=[GET],produces=[application/json]}" onto public java.util.List<vn.fpt.dbp.vccb.core.domain.product.Product> vn.fpt.dbp.vccb.service.param.rest.ProductController.productInfoByName(java.security.Principal,java.lang.String)
2017-07-11 09:39:42 [main] INFO  o.s.w.s.m.m.a.RequestMappingHandlerMapping - Mapped "{[/api/product/sendforapprove/create],methods=[POST],produces=[application/json]}" onto public vn.fpt.util.rest.RestResponse<vn.fpt.dbp.vccb.core.domain.product.Product> vn.fpt.dbp.vccb.service.param.rest.ProductController.createSendForApprovedProduct(java.security.Principal,vn.fpt.dbp.vccb.core.domain.product.Product)
2017-07-11 09:39:42 [main] INFO  o.s.w.s.m.m.a.RequestMappingHandlerMapping - Mapped "{[/api/product/assigned/return],methods=[POST],produces=[application/json]}" onto public vn.fpt.util.rest.RestResponse<vn.fpt.dbp.vccb.core.domain.product.Product> vn.fpt.dbp.vccb.service.param.rest.ProductController.returnAssignedProduct(java.security.Principal,vn.fpt.dbp.vccb.core.domain.product.Product)
2017-07-11 09:39:42 [main] INFO  o.s.w.s.m.m.a.RequestMappingHandlerMapping - Mapped "{[/api/product/approved/create],methods=[POST],produces=[application/json]}" onto public vn.fpt.util.rest.RestResponse<vn.fpt.dbp.vccb.core.domain.product.Product> vn.fpt.dbp.vccb.service.param.rest.ProductController.createApprovedProduct(java.security.Principal,vn.fpt.dbp.vccb.core.domain.product.Product)
2017-07-11 09:39:42 [main] INFO  o.s.w.s.m.m.a.RequestMappingHandlerMapping - Mapped "{[/api/product/rejected/create],methods=[POST],produces=[application/json]}" onto public vn.fpt.util.rest.RestResponse<vn.fpt.dbp.vccb.core.domain.product.Product> vn.fpt.dbp.vccb.service.param.rest.ProductController.createRejectedProduct(java.security.Principal,vn.fpt.dbp.vccb.core.domain.product.Product)
2017-07-11 09:39:42 [main] INFO  o.s.w.s.m.m.a.RequestMappingHandlerMapping - Mapped "{[/api/product/approved/createinprimary],methods=[POST],produces=[application/json]}" onto public vn.fpt.util.rest.RestResponse<vn.fpt.dbp.vccb.core.domain.product.Product> vn.fpt.dbp.vccb.service.param.rest.ProductController.createApprovedProductInPrimary(java.security.Principal,vn.fpt.dbp.vccb.core.domain.product.Product)
2017-07-11 09:39:42 [main] INFO  o.s.w.s.m.m.a.RequestMappingHandlerMapping - Mapped "{[/api/product/assigned/create],methods=[POST],produces=[application/json]}" onto public vn.fpt.util.rest.RestResponse<vn.fpt.dbp.vccb.core.domain.product.Product> vn.fpt.dbp.vccb.service.param.rest.ProductController.createAssignedProduct(java.security.Principal,vn.fpt.dbp.vccb.core.domain.product.Product)
2017-07-11 09:39:42 [main] INFO  o.s.w.s.m.m.a.RequestMappingHandlerMapping - Mapped "{[/api/product/savedraft/delete],methods=[POST],produces=[application/json]}" onto public vn.fpt.util.rest.RestResponse<vn.fpt.dbp.vccb.core.domain.product.Product> vn.fpt.dbp.vccb.service.param.rest.ProductController.deleteSaveDraftProduct(java.security.Principal,vn.fpt.dbp.vccb.core.domain.product.Product)
2017-07-11 09:39:42 [main] INFO  o.s.w.s.m.m.a.RequestMappingHandlerMapping - Mapped "{[/api/product/list],methods=[GET],produces=[application/json]}" onto public java.util.List<vn.fpt.dbp.vccb.core.domain.product.Product> vn.fpt.dbp.vccb.service.param.rest.ProductController.listProducts(java.security.Principal)
2017-07-11 09:39:42 [main] INFO  o.s.w.s.m.m.a.RequestMappingHandlerMapping - Mapped "{[/api/product/search],methods=[POST],produces=[application/json]}" onto public vn.fpt.util.rest.PagedResource<vn.fpt.dbp.vccb.core.domain.product.Product> vn.fpt.dbp.vccb.service.param.rest.ProductController.searchProduct(java.security.Principal,vn.fpt.dbp.vccb.core.domain.product.Product,org.springframework.data.domain.Pageable)
2017-07-11 09:39:42 [main] INFO  o.s.w.s.m.m.a.RequestMappingHandlerMapping - Mapped "{[/api/product/find],methods=[POST],produces=[application/json]}" onto public vn.fpt.util.rest.PagedResource<vn.fpt.dbp.vccb.core.domain.product.Product> vn.fpt.dbp.vccb.service.param.rest.ProductController.findProduct(java.security.Principal,vn.fpt.dbp.vccb.core.domain.product.Product,org.springframework.data.domain.Pageable)
2017-07-11 09:39:42 [main] INFO  o.s.w.s.m.m.a.RequestMappingHandlerMapping - Mapped "{[/api/product/detail/{id}],methods=[GET],produces=[application/json]}" onto public vn.fpt.dbp.vccb.core.domain.product.Product vn.fpt.dbp.vccb.service.param.rest.ProductController.productInfo(java.security.Principal,java.lang.Long)
2017-07-11 09:39:42 [main] INFO  o.s.w.s.m.m.a.RequestMappingHandlerMapping - Mapped "{[/api/product/getapprovallist],methods=[GET],produces=[application/json]}" onto public java.util.List<vn.fpt.dbp.vccb.core.domain.user.User> vn.fpt.dbp.vccb.service.param.rest.ProductController.getUserApprovals(java.security.Principal)
2017-07-11 09:39:42 [main] INFO  o.s.w.s.m.m.a.RequestMappingHandlerMapping - Mapped "{[/api/productcustomer/detail/{id}],methods=[GET],produces=[application/json]}" onto public vn.fpt.dbp.vccb.core.domain.product.ProductCustomer vn.fpt.dbp.vccb.service.param.rest.ProductCustomerController.productcustomerInfo(java.security.Principal,java.lang.Long)
2017-07-11 09:39:42 [main] INFO  o.s.w.s.m.m.a.RequestMappingHandlerMapping - Mapped "{[/api/productcustomer/delete],methods=[POST],produces=[application/json]}" onto public vn.fpt.util.rest.RestResponse<vn.fpt.dbp.vccb.core.domain.product.ProductCustomer> vn.fpt.dbp.vccb.service.param.rest.ProductCustomerController.deleteProductCustomer(java.security.Principal,vn.fpt.dbp.vccb.core.domain.product.ProductCustomer)
2017-07-11 09:39:42 [main] INFO  o.s.w.s.m.m.a.RequestMappingHandlerMapping - Mapped "{[/api/productcustomer/modify],methods=[POST],produces=[application/json]}" onto public vn.fpt.util.rest.RestResponse<vn.fpt.dbp.vccb.core.domain.product.ProductCustomer> vn.fpt.dbp.vccb.service.param.rest.ProductCustomerController.modifyProductCustomer(java.security.Principal,vn.fpt.dbp.vccb.core.domain.product.ProductCustomer)
2017-07-11 09:39:42 [main] INFO  o.s.w.s.m.m.a.RequestMappingHandlerMapping - Mapped "{[/api/productcustomer/create],methods=[POST],produces=[application/json]}" onto public vn.fpt.util.rest.RestResponse<vn.fpt.dbp.vccb.core.domain.product.ProductCustomer> vn.fpt.dbp.vccb.service.param.rest.ProductCustomerController.createProductCustomer(java.security.Principal,vn.fpt.dbp.vccb.core.domain.product.ProductCustomer)
2017-07-11 09:39:42 [main] INFO  o.s.w.s.m.m.a.RequestMappingHandlerMapping - Mapped "{[/api/productcustomer/list],methods=[GET],produces=[application/json]}" onto public java.util.List<vn.fpt.dbp.vccb.core.domain.product.ProductCustomer> vn.fpt.dbp.vccb.service.param.rest.ProductCustomerController.listProductCustomer(java.security.Principal)
2017-07-11 09:39:42 [main] INFO  o.s.w.s.m.m.a.RequestMappingHandlerMapping - Mapped "{[/api/productlimit/modify],methods=[POST],produces=[application/json]}" onto public vn.fpt.util.rest.RestResponse<vn.fpt.dbp.vccb.core.domain.product.ProductLimit> vn.fpt.dbp.vccb.service.param.rest.ProductLimitController.modifyProductLimit(java.security.Principal,vn.fpt.dbp.vccb.core.domain.product.ProductLimit)
2017-07-11 09:39:42 [main] INFO  o.s.w.s.m.m.a.RequestMappingHandlerMapping - Mapped "{[/api/productlimit/create],methods=[POST],produces=[application/json]}" onto public vn.fpt.util.rest.RestResponse<vn.fpt.dbp.vccb.core.domain.product.ProductLimit> vn.fpt.dbp.vccb.service.param.rest.ProductLimitController.createProductLimit(java.security.Principal,vn.fpt.dbp.vccb.core.domain.product.ProductLimit)
2017-07-11 09:39:42 [main] INFO  o.s.w.s.m.m.a.RequestMappingHandlerMapping - Mapped "{[/api/productlimit/delete],methods=[POST],produces=[application/json]}" onto public vn.fpt.util.rest.RestResponse<vn.fpt.dbp.vccb.core.domain.product.ProductLimit> vn.fpt.dbp.vccb.service.param.rest.ProductLimitController.deleteProductLimit(java.security.Principal,vn.fpt.dbp.vccb.core.domain.product.ProductLimit)
2017-07-11 09:39:42 [main] INFO  o.s.w.s.m.m.a.RequestMappingHandlerMapping - Mapped "{[/api/productlimit/list],methods=[GET],produces=[application/json]}" onto public java.util.List<vn.fpt.dbp.vccb.core.domain.product.ProductLimit> vn.fpt.dbp.vccb.service.param.rest.ProductLimitController.listProductLimit(java.security.Principal)
2017-07-11 09:39:42 [main] INFO  o.s.w.s.m.m.a.RequestMappingHandlerMapping - Mapped "{[/api/productlimit/detail/{id}],methods=[GET],produces=[application/json]}" onto public vn.fpt.dbp.vccb.core.domain.product.ProductLimit vn.fpt.dbp.vccb.service.param.rest.ProductLimitController.productLimitInfo(java.security.Principal,java.lang.Long)
2017-07-11 09:39:42 [main] INFO  o.s.w.s.m.m.a.RequestMappingHandlerMapping - Mapped "{[/error]}" onto public org.springframework.http.ResponseEntity<java.util.Map<java.lang.String, java.lang.Object>> org.springframework.boot.autoconfigure.web.BasicErrorController.error(javax.servlet.http.HttpServletRequest)
2017-07-11 09:39:42 [main] INFO  o.s.w.s.m.m.a.RequestMappingHandlerMapping - Mapped "{[/error],produces=[text/html]}" onto public org.springframework.web.servlet.ModelAndView org.springframework.boot.autoconfigure.web.BasicErrorController.errorHtml(javax.servlet.http.HttpServletRequest,javax.servlet.http.HttpServletResponse)
2017-07-11 09:39:42 [main] INFO  o.s.w.s.h.SimpleUrlHandlerMapping - Mapped URL path [/webjars/**] onto handler of type [class org.springframework.web.servlet.resource.ResourceHttpRequestHandler]
2017-07-11 09:39:42 [main] INFO  o.s.w.s.h.SimpleUrlHandlerMapping - Mapped URL path [/**] onto handler of type [class org.springframework.web.servlet.resource.ResourceHttpRequestHandler]
2017-07-11 09:39:43 [main] INFO  o.s.w.s.h.SimpleUrlHandlerMapping - Mapped URL path [/**/favicon.ico] onto handler of type [class org.springframework.web.servlet.resource.ResourceHttpRequestHandler]
2017-07-11 09:39:47 [main] INFO  o.s.cloud.commons.util.InetUtils - Cannot determine local hostname
2017-07-11 09:39:48 [main] INFO  o.s.s.c.ThreadPoolTaskScheduler - Initializing ExecutorService  'taskScheduler'
2017-07-11 09:39:49 [main] INFO  o.s.b.a.e.mvc.EndpointHandlerMapping - Mapped "{[/beans || /beans.json],methods=[GET],produces=[application/json]}" onto public java.lang.Object org.springframework.boot.actuate.endpoint.mvc.EndpointMvcAdapter.invoke()
2017-07-11 09:39:49 [main] INFO  o.s.b.a.e.mvc.EndpointHandlerMapping - Mapped "{[/configprops || /configprops.json],methods=[GET],produces=[application/json]}" onto public java.lang.Object org.springframework.boot.actuate.endpoint.mvc.EndpointMvcAdapter.invoke()
2017-07-11 09:39:49 [main] INFO  o.s.b.a.e.mvc.EndpointHandlerMapping - Mapped "{[/refresh || /refresh.json],methods=[POST]}" onto public java.lang.Object org.springframework.cloud.endpoint.GenericPostableMvcEndpoint.invoke()
2017-07-11 09:39:49 [main] INFO  o.s.b.a.e.mvc.EndpointHandlerMapping - Mapped "{[/autoconfig || /autoconfig.json],methods=[GET],produces=[application/json]}" onto public java.lang.Object org.springframework.boot.actuate.endpoint.mvc.EndpointMvcAdapter.invoke()
2017-07-11 09:39:49 [main] INFO  o.s.b.a.e.mvc.EndpointHandlerMapping - Mapped "{[/metrics/{name:.*}],methods=[GET],produces=[application/json]}" onto public java.lang.Object org.springframework.boot.actuate.endpoint.mvc.MetricsMvcEndpoint.value(java.lang.String)
2017-07-11 09:39:49 [main] INFO  o.s.b.a.e.mvc.EndpointHandlerMapping - Mapped "{[/metrics || /metrics.json],methods=[GET],produces=[application/json]}" onto public java.lang.Object org.springframework.boot.actuate.endpoint.mvc.EndpointMvcAdapter.invoke()
2017-07-11 09:39:49 [main] INFO  o.s.b.a.e.mvc.EndpointHandlerMapping - Mapped "{[/heapdump || /heapdump.json],methods=[GET],produces=[application/octet-stream]}" onto public void org.springframework.boot.actuate.endpoint.mvc.HeapdumpMvcEndpoint.invoke(boolean,javax.servlet.http.HttpServletRequest,javax.servlet.http.HttpServletResponse) throws java.io.IOException,javax.servlet.ServletException
2017-07-11 09:39:49 [main] INFO  o.s.b.a.e.mvc.EndpointHandlerMapping - Mapped "{[/health || /health.json],produces=[application/json]}" onto public java.lang.Object org.springframework.boot.actuate.endpoint.mvc.HealthMvcEndpoint.invoke(java.security.Principal)
2017-07-11 09:39:49 [main] INFO  o.s.b.a.e.mvc.EndpointHandlerMapping - Mapped "{[/trace || /trace.json],methods=[GET],produces=[application/json]}" onto public java.lang.Object org.springframework.boot.actuate.endpoint.mvc.EndpointMvcAdapter.invoke()
2017-07-11 09:39:49 [main] INFO  o.s.b.a.e.mvc.EndpointHandlerMapping - Mapped "{[/pause || /pause.json],methods=[POST]}" onto public java.lang.Object org.springframework.cloud.endpoint.GenericPostableMvcEndpoint.invoke()
2017-07-11 09:39:49 [main] INFO  o.s.b.a.e.mvc.EndpointHandlerMapping - Mapped "{[/logfile || /logfile.json],methods=[GET || HEAD]}" onto public void org.springframework.boot.actuate.endpoint.mvc.LogFileMvcEndpoint.invoke(javax.servlet.http.HttpServletRequest,javax.servlet.http.HttpServletResponse) throws javax.servlet.ServletException,java.io.IOException
2017-07-11 09:39:49 [main] INFO  o.s.b.a.e.mvc.EndpointHandlerMapping - Mapped "{[/info || /info.json],methods=[GET],produces=[application/json]}" onto public java.lang.Object org.springframework.boot.actuate.endpoint.mvc.EndpointMvcAdapter.invoke()
2017-07-11 09:39:49 [main] INFO  o.s.b.a.e.mvc.EndpointHandlerMapping - Mapped "{[/features || /features.json],methods=[GET],produces=[application/json]}" onto public java.lang.Object org.springframework.boot.actuate.endpoint.mvc.EndpointMvcAdapter.invoke()
2017-07-11 09:39:49 [main] INFO  o.s.b.a.e.mvc.EndpointHandlerMapping - Mapped "{[/env],methods=[POST]}" onto public java.lang.Object org.springframework.cloud.context.environment.EnvironmentManagerMvcEndpoint.value(java.util.Map<java.lang.String, java.lang.String>)
2017-07-11 09:39:49 [main] INFO  o.s.b.a.e.mvc.EndpointHandlerMapping - Mapped "{[/env/reset],methods=[POST]}" onto public java.util.Map<java.lang.String, java.lang.Object> org.springframework.cloud.context.environment.EnvironmentManagerMvcEndpoint.reset()
2017-07-11 09:39:49 [main] INFO  o.s.b.a.e.mvc.EndpointHandlerMapping - Mapped "{[/env/{name:.*}],methods=[GET],produces=[application/json]}" onto public java.lang.Object org.springframework.boot.actuate.endpoint.mvc.EnvironmentMvcEndpoint.value(java.lang.String)
2017-07-11 09:39:49 [main] INFO  o.s.b.a.e.mvc.EndpointHandlerMapping - Mapped "{[/env || /env.json],methods=[GET],produces=[application/json]}" onto public java.lang.Object org.springframework.boot.actuate.endpoint.mvc.EndpointMvcAdapter.invoke()
2017-07-11 09:39:49 [main] INFO  o.s.b.a.e.mvc.EndpointHandlerMapping - Mapped "{[/resume || /resume.json],methods=[POST]}" onto public java.lang.Object org.springframework.cloud.endpoint.GenericPostableMvcEndpoint.invoke()
2017-07-11 09:39:49 [main] INFO  o.s.b.a.e.mvc.EndpointHandlerMapping - Mapped "{[/mappings || /mappings.json],methods=[GET],produces=[application/json]}" onto public java.lang.Object org.springframework.boot.actuate.endpoint.mvc.EndpointMvcAdapter.invoke()
2017-07-11 09:39:49 [main] INFO  o.s.b.a.e.mvc.EndpointHandlerMapping - Mapped "{[/dump || /dump.json],methods=[GET],produces=[application/json]}" onto public java.lang.Object org.springframework.boot.actuate.endpoint.mvc.EndpointMvcAdapter.invoke()
2017-07-11 09:39:49 [main] INFO  o.s.b.a.e.mvc.EndpointHandlerMapping - Mapped "{[/archaius || /archaius.json],methods=[GET],produces=[application/json]}" onto public java.lang.Object org.springframework.boot.actuate.endpoint.mvc.EndpointMvcAdapter.invoke()
2017-07-11 09:39:49 [main] INFO  o.s.b.a.e.mvc.EndpointHandlerMapping - Mapped "{[/restart || /restart.json],methods=[POST]}" onto public java.lang.Object org.springframework.cloud.context.restart.RestartMvcEndpoint.invoke()
2017-07-11 09:39:49 [main] INFO  o.s.w.s.v.f.FreeMarkerConfigurer - ClassTemplateLoader for Spring macros added to FreeMarker configuration
2017-07-11 09:39:49 [main] WARN  c.n.c.sources.URLConfigurationSource - No URLs will be polled as dynamic configuration sources.
2017-07-11 09:39:49 [main] WARN  c.n.c.sources.URLConfigurationSource - No URLs will be polled as dynamic configuration sources.
2017-07-11 09:39:50 [main] INFO  o.s.j.e.a.AnnotationMBeanExporter - Registering beans for JMX exposure on startup
2017-07-11 09:39:50 [main] INFO  o.s.j.e.a.AnnotationMBeanExporter - Bean with name 'refreshScope' has been autodetected for JMX exposure
2017-07-11 09:39:50 [main] INFO  o.s.j.e.a.AnnotationMBeanExporter - Bean with name 'environmentManager' has been autodetected for JMX exposure
2017-07-11 09:39:50 [main] INFO  o.s.j.e.a.AnnotationMBeanExporter - Bean with name 'configurationPropertiesRebinder' has been autodetected for JMX exposure
2017-07-11 09:39:50 [main] INFO  o.s.j.e.a.AnnotationMBeanExporter - Bean with name 'refreshEndpoint' has been autodetected for JMX exposure
2017-07-11 09:39:50 [main] INFO  o.s.j.e.a.AnnotationMBeanExporter - Bean with name 'restartEndpoint' has been autodetected for JMX exposure
2017-07-11 09:39:50 [main] INFO  o.s.j.e.a.AnnotationMBeanExporter - Located managed bean 'environmentManager': registering with JMX server as MBean [org.springframework.cloud.context.environment:name=environmentManager,type=EnvironmentManager]
2017-07-11 09:39:50 [main] INFO  o.s.j.e.a.AnnotationMBeanExporter - Located managed bean 'restartEndpoint': registering with JMX server as MBean [org.springframework.cloud.context.restart:name=restartEndpoint,type=RestartEndpoint]
2017-07-11 09:39:50 [main] INFO  o.s.j.e.a.AnnotationMBeanExporter - Located managed bean 'refreshScope': registering with JMX server as MBean [org.springframework.cloud.context.scope.refresh:name=refreshScope,type=RefreshScope]
2017-07-11 09:39:50 [main] INFO  o.s.j.e.a.AnnotationMBeanExporter - Located managed bean 'configurationPropertiesRebinder': registering with JMX server as MBean [org.springframework.cloud.context.properties:name=configurationPropertiesRebinder,context=7a56812e,type=ConfigurationPropertiesRebinder]
2017-07-11 09:39:50 [main] INFO  o.s.j.e.a.AnnotationMBeanExporter - Located managed bean 'refreshEndpoint': registering with JMX server as MBean [org.springframework.cloud.endpoint:name=refreshEndpoint,type=RefreshEndpoint]
2017-07-11 09:39:50 [main] INFO  o.s.b.a.e.jmx.EndpointMBeanExporter - Registering beans for JMX exposure on startup
2017-07-11 09:39:50 [main] INFO  o.s.c.s.DefaultLifecycleProcessor - Starting beans in phase -2147482648
2017-07-11 09:39:50 [main] INFO  o.s.c.s.DefaultLifecycleProcessor - Starting beans in phase 0
2017-07-11 09:39:50 [main] INFO  o.s.b.a.e.jmx.EndpointMBeanExporter - Located managed bean 'featuresEndpoint': registering with JMX server as MBean [org.springframework.boot:type=Endpoint,name=featuresEndpoint]
2017-07-11 09:39:50 [main] INFO  o.s.b.a.e.jmx.EndpointMBeanExporter - Located managed bean 'requestMappingEndpoint': registering with JMX server as MBean [org.springframework.boot:type=Endpoint,name=requestMappingEndpoint]
2017-07-11 09:39:50 [main] INFO  o.s.b.a.e.jmx.EndpointMBeanExporter - Located managed bean 'environmentEndpoint': registering with JMX server as MBean [org.springframework.boot:type=Endpoint,name=environmentEndpoint]
2017-07-11 09:39:50 [main] INFO  o.s.b.a.e.jmx.EndpointMBeanExporter - Located managed bean 'healthEndpoint': registering with JMX server as MBean [org.springframework.boot:type=Endpoint,name=healthEndpoint]
2017-07-11 09:39:50 [main] INFO  o.s.b.a.e.jmx.EndpointMBeanExporter - Located managed bean 'beansEndpoint': registering with JMX server as MBean [org.springframework.boot:type=Endpoint,name=beansEndpoint]
2017-07-11 09:39:50 [main] INFO  o.s.b.a.e.jmx.EndpointMBeanExporter - Located managed bean 'infoEndpoint': registering with JMX server as MBean [org.springframework.boot:type=Endpoint,name=infoEndpoint]
2017-07-11 09:39:50 [main] INFO  o.s.b.a.e.jmx.EndpointMBeanExporter - Located managed bean 'metricsEndpoint': registering with JMX server as MBean [org.springframework.boot:type=Endpoint,name=metricsEndpoint]
2017-07-11 09:39:50 [main] INFO  o.s.b.a.e.jmx.EndpointMBeanExporter - Located managed bean 'traceEndpoint': registering with JMX server as MBean [org.springframework.boot:type=Endpoint,name=traceEndpoint]
2017-07-11 09:39:50 [main] INFO  o.s.b.a.e.jmx.EndpointMBeanExporter - Located managed bean 'dumpEndpoint': registering with JMX server as MBean [org.springframework.boot:type=Endpoint,name=dumpEndpoint]
2017-07-11 09:39:50 [main] INFO  o.s.b.a.e.jmx.EndpointMBeanExporter - Located managed bean 'autoConfigurationReportEndpoint': registering with JMX server as MBean [org.springframework.boot:type=Endpoint,name=autoConfigurationReportEndpoint]
2017-07-11 09:39:50 [main] INFO  o.s.b.a.e.jmx.EndpointMBeanExporter - Located managed bean 'configurationPropertiesReportEndpoint': registering with JMX server as MBean [org.springframework.boot:type=Endpoint,name=configurationPropertiesReportEndpoint]
2017-07-11 09:39:50 [main] INFO  o.s.b.a.e.jmx.EndpointMBeanExporter - Located managed bean 'archaiusEndpoint': registering with JMX server as MBean [org.springframework.boot:type=Endpoint,name=archaiusEndpoint]
2017-07-11 09:39:50 [main] INFO  o.s.i.endpoint.EventDrivenConsumer - Adding {logging-channel-adapter:_org.springframework.integration.errorLogger} as a subscriber to the 'errorChannel' channel
2017-07-11 09:39:50 [main] INFO  o.s.i.c.PublishSubscribeChannel - Channel 'digital-banking-vccb-service-param:8080.errorChannel' has 1 subscriber(s).
2017-07-11 09:39:50 [main] INFO  o.s.i.endpoint.EventDrivenConsumer - started _org.springframework.integration.errorLogger
2017-07-11 09:39:50 [main] INFO  o.s.c.s.DefaultLifecycleProcessor - Starting beans in phase 2147483647
2017-07-11 09:39:50 [main] INFO  o.s.b.c.e.t.TomcatEmbeddedServletContainer - Tomcat started on port(s): 8080 (http)
2017-07-11 09:40:12 [http-nio-8080-exec-1] INFO  o.s.web.servlet.DispatcherServlet - FrameworkServlet 'dispatcherServlet': initialization started
2017-07-11 09:40:12 [http-nio-8080-exec-1] INFO  o.s.web.servlet.DispatcherServlet - FrameworkServlet 'dispatcherServlet': initialization completed in 44 ms
